#
# A fatal error has been detected by the Java Runtime Environment:
#
#  SIGSEGV (0xb) at pc=0x00007f2ecf0e9a2e, pid=6751, tid=139838764340992
#
# JRE version: 6.0_24-b24
# Java VM: OpenJDK 64-Bit Server VM (20.0-b12 mixed mode linux-amd64 compressed oops)
# Derivative: IcedTea6 1.11.3
# Distribution: Ubuntu 12.04 LTS, package 6b24-1.11.3-1ubuntu0.12.04.1
# Problematic frame:
# V  [libjvm.so+0x5bca2e]  PhaseIdealLoop::build_loop_late_post(Node*)+0x14e
#
# If you would like to submit a bug report, please include
# instructions how to reproduce the bug and visit:
#   https://bugs.launchpad.net/ubuntu/+source/openjdk-6/
#

---------------  T H R E A D  ---------------

Current thread (0x00007f2ec80da000):  JavaThread "C2 CompilerThread0" daemon [_thread_in_native, id=6763, stack(0x00007f2ebfcfd000,0x00007f2ebfdfe000)]

siginfo:si_signo=SIGSEGV: si_errno=0, si_code=1 (SEGV_MAPERR), si_addr=0x0000000000000008

Registers:
RAX=0x0000000000000000, RBX=0x00007f2ebfdfa8d0, RCX=0x00007f2e883a9cf0, RDX=0x0000000000002000
RSP=0x00007f2ebfdf9110, RBP=0x00007f2ebfdf9150, RSI=0x00007f2e880889e0, RDI=0x0000000000000000
R8 =0x00007f2e88107420, R9 =0x00007f2ebfdfa8d0, R10=0x00007f2e880889e0, R11=0x0000000000000000
R12=0x00007f2e89b8f0c0, R13=0x00007f2e8c5cda58, R14=0x00007f2ebfdfa8f0, R15=0x00007f2e88601278
RIP=0x00007f2ecf0e9a2e, EFLAGS=0x0000000000010283, CSGSFS=0x0000000000000033, ERR=0x0000000000000004
  TRAPNO=0x000000000000000e

Top of Stack: (sp=0x00007f2ebfdf9110)
0x00007f2ebfdf9110:   00007f2e8811ec68 00007f2ebfdf93f0
0x00007f2ebfdf9120:   00007f2ebfdf9150 00007f2ebfdfa8d0
0x00007f2ebfdf9130:   0000000000000002 00007f2e89b8f0c0
0x00007f2ebfdf9140:   00007f2e883204b8 00007f2ebfdf93f0
0x00007f2ebfdf9150:   00007f2ebfdf91c0 00007f2ecf0e9f9b
0x00007f2ebfdf9160:   00007f2e8c8dde00 00007f2e00000100
0x00007f2ebfdf9170:   00007f2e00000001 00007f2ebfdfb270
0x00007f2ebfdf9180:   00007f2ebfdf9410 00007f2ebfdf93b0
0x00007f2ebfdf9190:   0000000000001804 00007f2ebfdfa8d0
0x00007f2ebfdf91a0:   0000000000000007 0000000000000001
0x00007f2ebfdf91b0:   0000000000000001 00007f2e8c8dde00
0x00007f2ebfdf91c0:   00007f2ebfdf9460 00007f2ecf0eab62
0x00007f2ebfdf91d0:   00007f2ebfdf9210 00007f2e8c8ddd90
0x00007f2ebfdf91e0:   00007f2e700b5060 00007f2ebfdfa8f0
0x00007f2ebfdf91f0:   00007f2e89b6bcc8 00007f2ebfdf94b0
0x00007f2ebfdf9200:   00007f2e89b6c038 00007f2e89b6bf88
0x00007f2ebfdf9210:   00007f2ebfdf92e0 00007f2ecef9b971
0x00007f2ebfdf9220:   0000000000000000 00007f2e89b53260
0x00007f2ebfdf9230:   00007f2ecf6bf7e0 0000000000000004
0x00007f2ebfdf9240:   00007f2ebfdf9e78 00007f2ebfdf9e98
0x00007f2ebfdf9250:   00007f2ebfdf9280 00007f2ecf15d7b4
0x00007f2ebfdf9260:   00007f2e8831b2c0 00007f2ebfdf9350
0x00007f2ebfdf9270:   00007f2ebfdf9280 00007f2ecee39382
0x00007f2ebfdf9280:   00007f2ebfdf92e0 00007f2ecef9df25
0x00007f2ebfdf9290:   00007f2e8992ec20 00007f2e885c3150
0x00007f2ebfdf92a0:   0000000000000010 0000000000000080
0x00007f2ebfdf92b0:   0000000000000002 0000000000010040
0x00007f2ebfdf92c0:   0000000000000000 0000043000001002
0x00007f2ebfdf92d0:   0000007e000000db 0000007c00000079
0x00007f2ebfdf92e0:   00007f2ebfdf93d0 00007f2e88000020
0x00007f2ebfdf92f0:   0000000000010010 0000000000010010
0x00007f2ebfdf9300:   00007f2e896b70c0 0000000000010000 

Instructions: (pc=0x00007f2ecf0e9a2e)
0x00007f2ecf0e9a0e:   4c 39 e8 0f 84 ad 03 00 00 8b 70 28 49 89 c7 0f
0x00007f2ecf0e9a1e:   1f 00 4c 8b 93 e0 09 00 00 49 8d 34 f2 48 8b 06
0x00007f2ecf0e9a2e:   48 8b 50 08 48 83 3a 00 75 27 8b 4b 28 0f 1f 44
0x00007f2ecf0e9a3e:   00 00 8b 50 28 31 c0 39 ca 73 0c 48 8b 43 30 48 

Register to memory mapping:

RAX=0x0000000000000000 is an unknown value
RBX=0x00007f2ebfdfa8d0 is pointing into the stack for thread: 0x00007f2ec80da000
RCX=0x00007f2e883a9cf0 is an unknown value
RDX=0x0000000000002000 is an unknown value
RSP=0x00007f2ebfdf9110 is pointing into the stack for thread: 0x00007f2ec80da000
RBP=0x00007f2ebfdf9150 is pointing into the stack for thread: 0x00007f2ec80da000
RSI=0x00007f2e880889e0 is an unknown value
RDI=0x0000000000000000 is an unknown value
R8 =0x00007f2e88107420 is an unknown value
R9 =0x00007f2ebfdfa8d0 is pointing into the stack for thread: 0x00007f2ec80da000
R10=0x00007f2e880889e0 is an unknown value
R11=0x0000000000000000 is an unknown value
R12=0x00007f2e89b8f0c0 is an unknown value
R13=0x00007f2e8c5cda58 is an unknown value
R14=0x00007f2ebfdfa8f0 is pointing into the stack for thread: 0x00007f2ec80da000
R15=0x00007f2e88601278 is an unknown value


Stack: [0x00007f2ebfcfd000,0x00007f2ebfdfe000],  sp=0x00007f2ebfdf9110,  free space=1008k
Native frames: (J=compiled Java code, j=interpreted, Vv=VM code, C=native code)
V  [libjvm.so+0x5bca2e]  PhaseIdealLoop::build_loop_late_post(Node*)+0x14e
V  [libjvm.so+0x5bcf9b]  PhaseIdealLoop::build_loop_late(VectorSet&, Node_List&, Node_Stack&)+0x10b
V  [libjvm.so+0x5bdb62]  PhaseIdealLoop::build_and_optimize(bool, bool)+0x692
V  [libjvm.so+0x37bcda]  Compile::Optimize()+0xd2a
V  [libjvm.so+0x37ca43]  Compile::Compile(ciEnv*, C2Compiler*, ciMethod*, int, bool, bool)+0xad3
V  [libjvm.so+0x306250]  C2Compiler::compile_method(ciEnv*, ciMethod*, int)+0xe0
V  [libjvm.so+0x381133]  CompileBroker::invoke_compiler_on_method(CompileTask*)+0x2a3
V  [libjvm.so+0x381a7b]  CompileBroker::compiler_thread_loop()+0x45b
V  [libjvm.so+0x74c0d8]  JavaThread::thread_main_inner()+0x58
V  [libjvm.so+0x64bbf2]  java_start(Thread*)+0x112


Current CompileTask:
C2:48639305 990      jregex.Pretokenizer.next()V (1064 bytes)


---------------  P R O C E S S  ---------------

Java Threads: ( => current thread )
  0x00007f2e7807f800 JavaThread "New I/O server worker #1-5" [_thread_in_native, id=9428, stack(0x00007f2ebe353000,0x00007f2ebe454000)]
  0x00007f2e7801b000 JavaThread "New I/O server worker #1-6" [_thread_in_native, id=9426, stack(0x00007f2ebe555000,0x00007f2ebe656000)]
  0x00007f2e7801a000 JavaThread "pool-2-thread-8" [_thread_blocked, id=9425, stack(0x00007f2ebeb97000,0x00007f2ebec98000)]
  0x00007f2e7801e800 JavaThread "New I/O server worker #1-2" [_thread_in_native, id=9424, stack(0x00007f2ebe656000,0x00007f2ebe757000)]
  0x00007f2e7801e000 JavaThread "New I/O server worker #1-3" [_thread_in_native, id=9422, stack(0x00007f2ebec98000,0x00007f2ebed99000)]
  0x00007f2e7803b800 JavaThread "pool-2-thread-5" [_thread_blocked, id=9420, stack(0x00007f2ebed99000,0x00007f2ebee9a000)]
  0x00007f2e7801d000 JavaThread "New I/O server worker #1-4" [_thread_in_native, id=9417, stack(0x00007f2ebf0a1000,0x00007f2ebf1a2000)]
  0x00007f2e78006000 JavaThread "pool-2-thread-3" [_thread_blocked, id=9389, stack(0x00007f2ebf2a3000,0x00007f2ebf3a4000)]
  0x00007f2e7011e800 JavaThread "com.mchange.v2.async.ThreadPoolAsynchronousRunner$PoolThread-#2" daemon [_thread_blocked, id=6775, stack(0x00007f2ebe757000,0x00007f2ebe858000)]
  0x00007f2e700ee800 JavaThread "com.mchange.v2.async.ThreadPoolAsynchronousRunner$PoolThread-#1" daemon [_thread_blocked, id=6774, stack(0x00007f2ebe858000,0x00007f2ebe959000)]
  0x00007f2e70174800 JavaThread "com.mchange.v2.async.ThreadPoolAsynchronousRunner$PoolThread-#0" daemon [_thread_blocked, id=6773, stack(0x00007f2ebe959000,0x00007f2ebea5a000)]
  0x00007f2e70459000 JavaThread "Timer-0" daemon [_thread_blocked, id=6772, stack(0x00007f2ebea5a000,0x00007f2ebeb5b000)]
  0x00007f2e7c00e800 JavaThread "play-thread-1" [_thread_in_native, id=6769, stack(0x00007f2ebf1a2000,0x00007f2ebf2a3000)]
  0x00007f2ec800e000 JavaThread "DestroyJavaVM" [_thread_blocked, id=6752, stack(0x00007f2ed03f3000,0x00007f2ed04f4000)]
  0x00007f2ec82a3800 JavaThread "New I/O server boss #1 ([id: 0x6179d854, /0:0:0:0:0:0:0:0:9000])" [_thread_in_native, id=6767, stack(0x00007f2ebf3a4000,0x00007f2ebf4a5000)]
  0x00007f2ec80df800 JavaThread "Low Memory Detector" daemon [_thread_blocked, id=6765, stack(0x00007f2ebfafb000,0x00007f2ebfbfc000)]
  0x00007f2ec80dd000 JavaThread "C2 CompilerThread1" daemon [_thread_blocked, id=6764, stack(0x00007f2ebfbfc000,0x00007f2ebfcfd000)]
=>0x00007f2ec80da000 JavaThread "C2 CompilerThread0" daemon [_thread_in_native, id=6763, stack(0x00007f2ebfcfd000,0x00007f2ebfdfe000)]
  0x00007f2ec80d8000 JavaThread "JDWP Event Helper Thread" daemon [_thread_blocked, id=6762, stack(0x00007f2ebfdfe000,0x00007f2ebfeff000)]
  0x00007f2ec80d4800 JavaThread "JDWP Transport Listener: dt_socket" daemon [_thread_in_native, id=6761, stack(0x00007f2ebfeff000,0x00007f2ec0000000)]
  0x00007f2ec808f800 JavaThread "Signal Dispatcher" daemon [_thread_blocked, id=6760, stack(0x00007f2ec4264000,0x00007f2ec4365000)]
  0x00007f2ec807e800 JavaThread "Finalizer" daemon [_thread_blocked, id=6759, stack(0x00007f2ec4365000,0x00007f2ec4466000)]
  0x00007f2ec807c800 JavaThread "Reference Handler" daemon [_thread_blocked, id=6758, stack(0x00007f2ec4466000,0x00007f2ec4567000)]

Other Threads:
  0x00007f2ec8075800 VMThread [stack: 0x00007f2ec4567000,0x00007f2ec4668000] [id=6757]
  0x00007f2ec80e2000 WatcherThread [stack: 0x00007f2ebf9fa000,0x00007f2ebfafb000] [id=6766]

VM state:not at safepoint (normal execution)

VM Mutex/Monitor currently owned by a thread: None

Heap
 PSYoungGen      total 86016K, used 29138K [0x00000000ecb60000, 0x00000000f2360000, 0x0000000100000000)
  eden space 82176K, 33% used [0x00000000ecb60000,0x00000000ee5e49e0,0x00000000f1ba0000)
  from space 3840K, 51% used [0x00000000f1fa0000,0x00000000f2190000,0x00000000f2360000)
  to   space 3968K, 0% used [0x00000000f1ba0000,0x00000000f1ba0000,0x00000000f1f80000)
 PSOldGen        total 39552K, used 16885K [0x00000000c6200000, 0x00000000c88a0000, 0x00000000ecb60000)
  object space 39552K, 42% used [0x00000000c6200000,0x00000000c727d770,0x00000000c88a0000)
 PSPermGen       total 47744K, used 47684K [0x00000000bbc00000, 0x00000000beaa0000, 0x00000000c6200000)
  object space 47744K, 99% used [0x00000000bbc00000,0x00000000bea911e8,0x00000000beaa0000)

Code Cache  [0x00007f2ec5000000, 0x00007f2ec5550000, 0x00007f2ec8000000)
 total_blobs=1579 nmethods=973 adapters=568 free_code_cache=44817728 largest_free_block=8384

Dynamic libraries:
00400000-00409000 r-xp 00000000 08:01 11021052                           /usr/lib/jvm/java-6-openjdk-amd64/jre/bin/java
00608000-00609000 r--p 00008000 08:01 11021052                           /usr/lib/jvm/java-6-openjdk-amd64/jre/bin/java
00609000-0060a000 rw-p 00009000 08:01 11021052                           /usr/lib/jvm/java-6-openjdk-amd64/jre/bin/java
0102b000-0104c000 rw-p 00000000 00:00 0                                  [heap]
bbc00000-beaa0000 rw-p 00000000 00:00 0 
beaa0000-c6200000 rw-p 00000000 00:00 0 
c6200000-c88a0000 rw-p 00000000 00:00 0 
c88a0000-ecb60000 rw-p 00000000 00:00 0 
ecb60000-f2360000 rw-p 00000000 00:00 0 
f2360000-f23a0000 ---p 00000000 00:00 0 
f23a0000-100000000 rw-p 00000000 00:00 0 
7f2e40000000-7f2e40021000 rw-p 00000000 00:00 0 
7f2e40021000-7f2e44000000 ---p 00000000 00:00 0 
7f2e48000000-7f2e48021000 rw-p 00000000 00:00 0 
7f2e48021000-7f2e4c000000 ---p 00000000 00:00 0 
7f2e4c000000-7f2e4c021000 rw-p 00000000 00:00 0 
7f2e4c021000-7f2e50000000 ---p 00000000 00:00 0 
7f2e50000000-7f2e50021000 rw-p 00000000 00:00 0 
7f2e50021000-7f2e54000000 ---p 00000000 00:00 0 
7f2e54000000-7f2e54021000 rw-p 00000000 00:00 0 
7f2e54021000-7f2e58000000 ---p 00000000 00:00 0 
7f2e58000000-7f2e58021000 rw-p 00000000 00:00 0 
7f2e58021000-7f2e5c000000 ---p 00000000 00:00 0 
7f2e5c000000-7f2e5c021000 rw-p 00000000 00:00 0 
7f2e5c021000-7f2e60000000 ---p 00000000 00:00 0 
7f2e60000000-7f2e60021000 rw-p 00000000 00:00 0 
7f2e60021000-7f2e64000000 ---p 00000000 00:00 0 
7f2e64000000-7f2e640cf000 rw-p 00000000 00:00 0 
7f2e640cf000-7f2e68000000 ---p 00000000 00:00 0 
7f2e68000000-7f2e68021000 rw-p 00000000 00:00 0 
7f2e68021000-7f2e6c000000 ---p 00000000 00:00 0 
7f2e6c000000-7f2e6c063000 rw-p 00000000 00:00 0 
7f2e6c063000-7f2e70000000 ---p 00000000 00:00 0 
7f2e70000000-7f2e71425000 rw-p 00000000 00:00 0 
7f2e71425000-7f2e74000000 ---p 00000000 00:00 0 
7f2e74000000-7f2e74021000 rw-p 00000000 00:00 0 
7f2e74021000-7f2e78000000 ---p 00000000 00:00 0 
7f2e78000000-7f2e78081000 rw-p 00000000 00:00 0 
7f2e78081000-7f2e7c000000 ---p 00000000 00:00 0 
7f2e7c000000-7f2e7c035000 rw-p 00000000 00:00 0 
7f2e7c035000-7f2e80000000 ---p 00000000 00:00 0 
7f2e80000000-7f2e80021000 rw-p 00000000 00:00 0 
7f2e80021000-7f2e84000000 ---p 00000000 00:00 0 
7f2e84000000-7f2e84021000 rw-p 00000000 00:00 0 
7f2e84021000-7f2e88000000 ---p 00000000 00:00 0 
7f2e88000000-7f2e8a80b000 rw-p 00000000 00:00 0 
7f2e8a80b000-7f2e8c000000 ---p 00000000 00:00 0 
7f2e8c000000-7f2e8dff2000 rw-p 00000000 00:00 0 
7f2e8dff2000-7f2e90000000 ---p 00000000 00:00 0 
7f2e90000000-7f2e90021000 rw-p 00000000 00:00 0 
7f2e90021000-7f2e94000000 ---p 00000000 00:00 0 
7f2e94000000-7f2e94021000 rw-p 00000000 00:00 0 
7f2e94021000-7f2e98000000 ---p 00000000 00:00 0 
7f2e98000000-7f2e98021000 rw-p 00000000 00:00 0 
7f2e98021000-7f2e9c000000 ---p 00000000 00:00 0 
7f2e9c000000-7f2e9c021000 rw-p 00000000 00:00 0 
7f2e9c021000-7f2ea0000000 ---p 00000000 00:00 0 
7f2ea0000000-7f2ea0099000 rw-p 00000000 00:00 0 
7f2ea0099000-7f2ea4000000 ---p 00000000 00:00 0 
7f2ea4000000-7f2ea4021000 rw-p 00000000 00:00 0 
7f2ea4021000-7f2ea8000000 ---p 00000000 00:00 0 
7f2ea8000000-7f2ea8021000 rw-p 00000000 00:00 0 
7f2ea8021000-7f2eac000000 ---p 00000000 00:00 0 
7f2eb0000000-7f2eb0032000 rw-p 00000000 00:00 0 
7f2eb0032000-7f2eb4000000 ---p 00000000 00:00 0 
7f2eb8000000-7f2eb8021000 rw-p 00000000 00:00 0 
7f2eb8021000-7f2ebc000000 ---p 00000000 00:00 0 
7f2ebe353000-7f2ebe356000 ---p 00000000 00:00 0 
7f2ebe356000-7f2ebe454000 rw-p 00000000 00:00 0 
7f2ebe454000-7f2ebe457000 ---p 00000000 00:00 0 
7f2ebe457000-7f2ebe555000 rw-p 00000000 00:00 0 
7f2ebe555000-7f2ebe558000 ---p 00000000 00:00 0 
7f2ebe558000-7f2ebe656000 rw-p 00000000 00:00 0 
7f2ebe656000-7f2ebe659000 ---p 00000000 00:00 0 
7f2ebe659000-7f2ebe757000 rw-p 00000000 00:00 0 
7f2ebe757000-7f2ebe75a000 ---p 00000000 00:00 0 
7f2ebe75a000-7f2ebe858000 rw-p 00000000 00:00 0 
7f2ebe858000-7f2ebe85b000 ---p 00000000 00:00 0 
7f2ebe85b000-7f2ebe959000 rw-p 00000000 00:00 0 
7f2ebe959000-7f2ebe95c000 ---p 00000000 00:00 0 
7f2ebe95c000-7f2ebea5a000 rw-p 00000000 00:00 0 
7f2ebea5a000-7f2ebea5d000 ---p 00000000 00:00 0 
7f2ebea5d000-7f2ebeb5b000 rw-p 00000000 00:00 0 
7f2ebeb6b000-7f2ebeb72000 r--s 00000000 08:01 11013746                   /usr/lib/x86_64-linux-gnu/gconv/gconv-modules.cache
7f2ebeb72000-7f2ebeb97000 r--p 00000000 08:01 12191494                   /usr/share/locale-langpack/es/LC_MESSAGES/libc.mo
7f2ebeb97000-7f2ebeb9a000 ---p 00000000 00:00 0 
7f2ebeb9a000-7f2ebec98000 rw-p 00000000 00:00 0 
7f2ebec98000-7f2ebec9b000 ---p 00000000 00:00 0 
7f2ebec9b000-7f2ebed99000 rw-p 00000000 00:00 0 
7f2ebed99000-7f2ebed9c000 ---p 00000000 00:00 0 
7f2ebed9c000-7f2ebee9a000 rw-p 00000000 00:00 0 
7f2ebee9a000-7f2ebeea0000 r-xp 00000000 08:01 10888985                   /usr/lib/jvm/java-6-openjdk-amd64/jre/lib/amd64/libmanagement.so
7f2ebeea0000-7f2ebf09f000 ---p 00006000 08:01 10888985                   /usr/lib/jvm/java-6-openjdk-amd64/jre/lib/amd64/libmanagement.so
7f2ebf09f000-7f2ebf0a0000 r--p 00005000 08:01 10888985                   /usr/lib/jvm/java-6-openjdk-amd64/jre/lib/amd64/libmanagement.so
7f2ebf0a0000-7f2ebf0a1000 rw-p 00006000 08:01 10888985                   /usr/lib/jvm/java-6-openjdk-amd64/jre/lib/amd64/libmanagement.so
7f2ebf0a1000-7f2ebf0a4000 ---p 00000000 00:00 0 
7f2ebf0a4000-7f2ebf1a2000 rw-p 00000000 00:00 0 
7f2ebf1a2000-7f2ebf1a5000 ---p 00000000 00:00 0 
7f2ebf1a5000-7f2ebf2a3000 rw-p 00000000 00:00 0 
7f2ebf2a3000-7f2ebf2a6000 ---p 00000000 00:00 0 
7f2ebf2a6000-7f2ebf3a4000 rw-p 00000000 00:00 0 
7f2ebf3a4000-7f2ebf3a7000 ---p 00000000 00:00 0 
7f2ebf3a7000-7f2ebf4a5000 rw-p 00000000 00:00 0 
7f2ebf4a5000-7f2ebf4ad000 r-xp 00000000 08:01 10888970                   /usr/lib/jvm/java-6-openjdk-amd64/jre/lib/amd64/libnio.so
7f2ebf4ad000-7f2ebf6ac000 ---p 00008000 08:01 10888970                   /usr/lib/jvm/java-6-openjdk-amd64/jre/lib/amd64/libnio.so
7f2ebf6ac000-7f2ebf6ad000 r--p 00007000 08:01 10888970                   /usr/lib/jvm/java-6-openjdk-amd64/jre/lib/amd64/libnio.so
7f2ebf6ad000-7f2ebf6ae000 rw-p 00008000 08:01 10888970                   /usr/lib/jvm/java-6-openjdk-amd64/jre/lib/amd64/libnio.so
7f2ebf6ae000-7f2ebf6c3000 r-xp 00000000 08:01 10888971                   /usr/lib/jvm/java-6-openjdk-amd64/jre/lib/amd64/libnet.so
7f2ebf6c3000-7f2ebf8c2000 ---p 00015000 08:01 10888971                   /usr/lib/jvm/java-6-openjdk-amd64/jre/lib/amd64/libnet.so
7f2ebf8c2000-7f2ebf8c3000 r--p 00014000 08:01 10888971                   /usr/lib/jvm/java-6-openjdk-amd64/jre/lib/amd64/libnet.so
7f2ebf8c3000-7f2ebf8c4000 rw-p 00015000 08:01 10888971                   /usr/lib/jvm/java-6-openjdk-amd64/jre/lib/amd64/libnet.so
7f2ebf8c4000-7f2ebf8cb000 r--s 000fb000 08:01 10888901                   /usr/lib/jvm/java-6-openjdk-common/jre/lib/resources.jar
7f2ebf8cb000-7f2ebf8db000 r--s 000b2000 08:01 786948                     /home/matias/Desarrollo/play/play-1.2.4/framework/lib/netty-3.2.5.Final.jar
7f2ebf8db000-7f2ebf900000 r--s 00172000 08:01 786902                     /home/matias/Desarrollo/play/play-1.2.4/framework/lib/bcprov-jdk15-1.45.jar
7f2ebf900000-7f2ebf90b000 r--s 00124000 08:01 786920                     /home/matias/Desarrollo/play/play-1.2.4/framework/lib/h2-1.3.149.jar
7f2ebf90b000-7f2ebf90d000 r--s 00001000 08:01 786940                     /home/matias/Desarrollo/play/play-1.2.4/framework/lib/jsr107cache-1.0.jar
7f2ebf90d000-7f2ebf913000 r--s 0007e000 08:01 786951                     /home/matias/Desarrollo/play/play-1.2.4/framework/lib/postgresql-9.0.jar
7f2ebf913000-7f2ebf91a000 r--s 00049000 08:01 786950                     /home/matias/Desarrollo/play/play-1.2.4/framework/lib/oval-1.50.jar
7f2ebf91a000-7f2ebf91c000 r--s 0000e000 08:01 786911                     /home/matias/Desarrollo/play/play-1.2.4/framework/lib/commons-javaflow-1066591.jar
7f2ebf91c000-7f2ebf927000 r--s 0005a000 08:01 786956                     /home/matias/Desarrollo/play/play-1.2.4/framework/lib/xstream-1.3.jar
7f2ebf927000-7f2ebf928000 r--s 00002000 08:01 786954                     /home/matias/Desarrollo/play/play-1.2.4/framework/lib/slf4j-log4j12-1.6.1.jar
7f2ebf928000-7f2ebf92a000 r--s 00002000 08:01 786941                     /home/matias/Desarrollo/play/play-1.2.4/framework/lib/jta-1.1.jar
7f2ebf92a000-7f2ebf92c000 r--s 00015000 08:01 786939                     /home/matias/Desarrollo/play/play-1.2.4/framework/lib/jregex-1.2_01.jar
7f2ebf92c000-7f2ebf932000 r--s 00038000 08:01 786955                     /home/matias/Desarrollo/play/play-1.2.4/framework/lib/snakeyaml-1.7.jar
7f2ebf932000-7f2ebf937000 r--s 00034000 08:01 786905                     /home/matias/Desarrollo/play/play-1.2.4/framework/lib/commons-beanutils-1.8.3.jar
7f2ebf937000-7f2ebf93a000 r--s 00024000 08:01 786910                     /home/matias/Desarrollo/play/play-1.2.4/framework/lib/commons-io-2.0.1.jar
7f2ebf93a000-7f2ebf93c000 r--s 0000b000 08:01 786936                     /home/matias/Desarrollo/play/play-1.2.4/framework/lib/jj-textile.jar
7f2ebf93c000-7f2ebf943000 r--s 0006a000 08:01 786945                     /home/matias/Desarrollo/play/play-1.2.4/framework/lib/mail-1.4.3.jar
7f2ebf943000-7f2ebf952000 r--s 000d9000 08:01 786929                     /home/matias/Desarrollo/play/play-1.2.4/framework/lib/ivy-2.2.0.jar
7f2ebf952000-7f2ebf955000 r--s 0000f000 08:01 786922                     /home/matias/Desarrollo/play/play-1.2.4/framework/lib/hibernate-commons-annotations-3.2.0.Final.jar
7f2ebf955000-7f2ebf963000 r--s 0007f000 08:01 786907                     /home/matias/Desarrollo/play/play-1.2.4/framework/lib/commons-collections-3.2.1.jar
7f2ebf963000-7f2ebf96e000 r--s 0008b000 08:01 786903                     /home/matias/Desarrollo/play/play-1.2.4/framework/lib/c3p0-0.9.1.2.jar
7f2ebf96e000-7f2ebf970000 r--s 00005000 08:01 786953                     /home/matias/Desarrollo/play/play-1.2.4/framework/lib/slf4j-api-1.6.1.jar
7f2ebf970000-7f2ebf972000 r--s 00015000 08:01 786935                     /home/matias/Desarrollo/play/play-1.2.4/framework/lib/jj-simplecaptcha.jar
7f2ebf972000-7f2ebf9a4000 r--s 002c7000 08:01 786924                     /home/matias/Desarrollo/play/play-1.2.4/framework/lib/hibernate-core-3.6.1.Final.jar
7f2ebf9a4000-7f2ebf9a9000 r--s 0002e000 08:01 786900                     /home/matias/Desarrollo/play/play-1.2.4/framework/lib/asm-all-3.3.1.jar
7f2ebf9a9000-7f2ebf9af000 r--s 00034000 08:01 786942                     /home/matias/Desarrollo/play/play-1.2.4/framework/lib/junit-4.8.1.jar
7f2ebf9af000-7f2ebf9b4000 r--s 00041000 08:01 786912                     /home/matias/Desarrollo/play/play-1.2.4/framework/lib/commons-lang-2.6.jar
7f2ebf9b4000-7f2ebf9b9000 r--s 00014000 08:01 786928                     /home/matias/Desarrollo/play/play-1.2.4/framework/lib/hibernate-jpa-2.0-api-1.0.0.Final.jar
7f2ebf9b9000-7f2ebf9ba000 r--s 00007000 08:01 786908                     /home/matias/Desarrollo/play/play-1.2.4/framework/lib/commons-email-1.2.jar
7f2ebf9ba000-7f2ebf9c1000 r--s 000b7000 08:01 786947                     /home/matias/Desarrollo/play/play-1.2.4/framework/lib/mysql-connector-java-5.1.13.jar
7f2ebf9c1000-7f2ebf9ca000 r--s 0006d000 08:01 786944                     /home/matias/Desarrollo/play/play-1.2.4/framework/lib/log4j-1.2.16.jar
7f2ebf9ca000-7f2ebf9d0000 r--s 00067000 08:01 786899                     /home/matias/Desarrollo/play/play-1.2.4/framework/lib/antlr-2.7.6.jar
7f2ebf9d0000-7f2ebf9fa000 r--s 00427000 08:01 786949                     /home/matias/Desarrollo/play/play-1.2.4/framework/lib/org.eclipse.jdt.core-3.8.0.v_C03.jar
7f2ebf9fa000-7f2ebf9fb000 ---p 00000000 00:00 0 
7f2ebf9fb000-7f2ebfafb000 rw-p 00000000 00:00 0 
7f2ebfafb000-7f2ebfafe000 ---p 00000000 00:00 0 
7f2ebfafe000-7f2ebfbfc000 rw-p 00000000 00:00 0 
7f2ebfbfc000-7f2ebfbff000 ---p 00000000 00:00 0 
7f2ebfbff000-7f2ebfcfd000 rw-p 00000000 00:00 0 
7f2ebfcfd000-7f2ebfd00000 ---p 00000000 00:00 0 
7f2ebfd00000-7f2ebfdfe000 rw-p 00000000 00:00 0 
7f2ebfdfe000-7f2ebfe01000 ---p 00000000 00:00 0 
7f2ebfe01000-7f2ebfeff000 rw-p 00000000 00:00 0 
7f2ebfeff000-7f2ebff02000 ---p 00000000 00:00 0 
7f2ebff02000-7f2ec0000000 rw-p 00000000 00:00 0 
7f2ec0000000-7f2ec0021000 rw-p 00000000 00:00 0 
7f2ec0021000-7f2ec4000000 ---p 00000000 00:00 0 
7f2ec4001000-7f2ec4008000 r--s 00038000 08:01 786937                     /home/matias/Desarrollo/play/play-1.2.4/framework/lib/jj-wikitext.jar
7f2ec4008000-7f2ec405c000 r--s 00520000 08:01 786918                     /home/matias/Desarrollo/play/play-1.2.4/framework/lib/groovy-all-1.7.10.jar
7f2ec405c000-7f2ec4060000 r-xp 00000000 08:01 10888966                   /usr/lib/jvm/java-6-openjdk-amd64/jre/lib/amd64/libdt_socket.so
7f2ec4060000-7f2ec425f000 ---p 00004000 08:01 10888966                   /usr/lib/jvm/java-6-openjdk-amd64/jre/lib/amd64/libdt_socket.so
7f2ec425f000-7f2ec4260000 r--p 00003000 08:01 10888966                   /usr/lib/jvm/java-6-openjdk-amd64/jre/lib/amd64/libdt_socket.so
7f2ec4260000-7f2ec4261000 rw-p 00004000 08:01 10888966                   /usr/lib/jvm/java-6-openjdk-amd64/jre/lib/amd64/libdt_socket.so
7f2ec4261000-7f2ec4264000 r--s 00031000 08:01 10888896                   /usr/lib/jvm/java-6-openjdk-common/jre/lib/ext/sunjce_provider.jar
7f2ec4264000-7f2ec4267000 ---p 00000000 00:00 0 
7f2ec4267000-7f2ec4365000 rw-p 00000000 00:00 0 
7f2ec4365000-7f2ec4368000 ---p 00000000 00:00 0 
7f2ec4368000-7f2ec4466000 rw-p 00000000 00:00 0 
7f2ec4466000-7f2ec4469000 ---p 00000000 00:00 0 
7f2ec4469000-7f2ec4567000 rw-p 00000000 00:00 0 
7f2ec4567000-7f2ec4568000 ---p 00000000 00:00 0 
7f2ec4568000-7f2ec4b6d000 rw-p 00000000 00:00 0 
7f2ec4b6d000-7f2ec4cfd000 r--s 037bc000 08:01 10888995                   /usr/lib/jvm/java-6-openjdk-amd64/jre/lib/rt.jar
7f2ec4cfd000-7f2ec4cfe000 ---p 00000000 00:00 0 
7f2ec4cfe000-7f2ec4dfe000 rw-p 00000000 00:00 0 
7f2ec4dfe000-7f2ec4dff000 ---p 00000000 00:00 0 
7f2ec4dff000-7f2ec4eff000 rw-p 00000000 00:00 0 
7f2ec4eff000-7f2ec4f00000 ---p 00000000 00:00 0 
7f2ec4f00000-7f2ec5000000 rw-p 00000000 00:00 0 
7f2ec5000000-7f2ec5550000 rwxp 00000000 00:00 0 
7f2ec5550000-7f2ec8554000 rw-p 00000000 00:00 0 
7f2ec8554000-7f2ecc000000 ---p 00000000 00:00 0 
7f2ecc000000-7f2ecc002000 r--s 00008000 08:01 786952                     /home/matias/Desarrollo/play/play-1.2.4/framework/lib/signpost-core-1.2.jar
7f2ecc002000-7f2ecc005000 r--s 00011000 08:01 786916                     /home/matias/Desarrollo/play/play-1.2.4/framework/lib/ezmorph-1.0.3.jar
7f2ecc005000-7f2ecc007000 r--s 0000c000 08:01 786898                     /home/matias/Desarrollo/play/play-1.2.4/framework/lib/activation-1.1.1.jar
7f2ecc007000-7f2ecc00e000 r--s 0004d000 08:01 786901                     /home/matias/Desarrollo/play/play-1.2.4/framework/lib/async-http-client-1.6.5.jar
7f2ecc00e000-7f2ecc014000 r--s 00040000 08:01 786946                     /home/matias/Desarrollo/play/play-1.2.4/framework/lib/memcached-2.6.jar
7f2ecc014000-7f2ecc01c000 r--s 0008a000 08:01 786931                     /home/matias/Desarrollo/play/play-1.2.4/framework/lib/javassist-3.9.0.GA.jar
7f2ecc01c000-7f2ecc022000 r--s 00032000 08:01 786933                     /home/matias/Desarrollo/play/play-1.2.4/framework/lib/jaxen-1.1.jar
7f2ecc022000-7f2ecc025000 r--s 0000f000 08:01 786917                     /home/matias/Desarrollo/play/play-1.2.4/framework/lib/geronimo-servlet_2.5_spec-1.2.jar
7f2ecc025000-7f2ecc02b000 r--s 00049000 08:01 786904                     /home/matias/Desarrollo/play/play-1.2.4/framework/lib/cglib-nodep-2.2.jar
7f2ecc02b000-7f2ecc035000 r--s 0006f000 08:01 786915                     /home/matias/Desarrollo/play/play-1.2.4/framework/lib/ehcache-core-2.0.0.jar
7f2ecc035000-7f2ecc037000 r--s 0000d000 08:01 786909                     /home/matias/Desarrollo/play/play-1.2.4/framework/lib/commons-fileupload-1.2.2.jar
7f2ecc037000-7f2ecc039000 r--s 0000d000 08:01 786913                     /home/matias/Desarrollo/play/play-1.2.4/framework/lib/commons-logging-1.1.1.jar
7f2ecc039000-7f2ecc03a000 r--s 00000000 08:01 786932                     /home/matias/Desarrollo/play/play-1.2.4/framework/lib/javax.inject-1.0.jar
7f2ecc03a000-7f2ecc03c000 r--s 0000d000 08:01 786906                     /home/matias/Desarrollo/play/play-1.2.4/framework/lib/commons-codec-1.4.jar
7f2ecc03c000-7f2ecc04b000 r--s 0007c000 08:01 786938                     /home/matias/Desarrollo/play/play-1.2.4/framework/lib/joda-time-2.0.jar
7f2ecc04b000-7f2ecc054000 r--s 0005d000 08:01 786926                     /home/matias/Desarrollo/play/play-1.2.4/framework/lib/hibernate-entitymanager-3.6.0.Final.jar
7f2ecc054000-7f2ecc0af000 rw-p 00000000 00:00 0 
7f2ecc0af000-7f2ecc0b0000 ---p 00000000 00:00 0 
7f2ecc0b0000-7f2ecc1c8000 rw-p 00000000 00:00 0 
7f2ecc1c8000-7f2ecc203000 rw-p 00000000 00:00 0 
7f2ecc203000-7f2ecc217000 rw-p 00000000 00:00 0 
7f2ecc217000-7f2ecc338000 rw-p 00000000 00:00 0 
7f2ecc338000-7f2ecc350000 rw-p 00000000 00:00 0 
7f2ecc350000-7f2ecc38b000 rw-p 00000000 00:00 0 
7f2ecc38b000-7f2ecc39f000 rw-p 00000000 00:00 0 
7f2ecc39f000-7f2ecc4bf000 rw-p 00000000 00:00 0 
7f2ecc4bf000-7f2ecc4ec000 rw-p 00000000 00:00 0 
7f2ecc4ec000-7f2ecc55a000 rw-p 00000000 00:00 0 
7f2ecc55a000-7f2ecc55b000 rw-p 00000000 00:00 0 
7f2ecc55b000-7f2ecc562000 r-xp 00000000 08:01 10888982                   /usr/lib/jvm/java-6-openjdk-amd64/jre/lib/amd64/libzip.so
7f2ecc562000-7f2ecc761000 ---p 00007000 08:01 10888982                   /usr/lib/jvm/java-6-openjdk-amd64/jre/lib/amd64/libzip.so
7f2ecc761000-7f2ecc762000 r--p 00006000 08:01 10888982                   /usr/lib/jvm/java-6-openjdk-amd64/jre/lib/amd64/libzip.so
7f2ecc762000-7f2ecc763000 rw-p 00007000 08:01 10888982                   /usr/lib/jvm/java-6-openjdk-amd64/jre/lib/amd64/libzip.so
7f2ecc763000-7f2ecc76f000 r-xp 00000000 08:01 8916599                    /lib/x86_64-linux-gnu/libnss_files-2.15.so
7f2ecc76f000-7f2ecc96e000 ---p 0000c000 08:01 8916599                    /lib/x86_64-linux-gnu/libnss_files-2.15.so
7f2ecc96e000-7f2ecc96f000 r--p 0000b000 08:01 8916599                    /lib/x86_64-linux-gnu/libnss_files-2.15.so
7f2ecc96f000-7f2ecc970000 rw-p 0000c000 08:01 8916599                    /lib/x86_64-linux-gnu/libnss_files-2.15.so
7f2ecc970000-7f2ecc97a000 r-xp 00000000 08:01 8916603                    /lib/x86_64-linux-gnu/libnss_nis-2.15.so
7f2ecc97a000-7f2eccb7a000 ---p 0000a000 08:01 8916603                    /lib/x86_64-linux-gnu/libnss_nis-2.15.so
7f2eccb7a000-7f2eccb7b000 r--p 0000a000 08:01 8916603                    /lib/x86_64-linux-gnu/libnss_nis-2.15.so
7f2eccb7b000-7f2eccb7c000 rw-p 0000b000 08:01 8916603                    /lib/x86_64-linux-gnu/libnss_nis-2.15.so
7f2eccb7c000-7f2eccb93000 r-xp 00000000 08:01 8916593                    /lib/x86_64-linux-gnu/libnsl-2.15.so
7f2eccb93000-7f2eccd92000 ---p 00017000 08:01 8916593                    /lib/x86_64-linux-gnu/libnsl-2.15.so
7f2eccd92000-7f2eccd93000 r--p 00016000 08:01 8916593                    /lib/x86_64-linux-gnu/libnsl-2.15.so
7f2eccd93000-7f2eccd94000 rw-p 00017000 08:01 8916593                    /lib/x86_64-linux-gnu/libnsl-2.15.so
7f2eccd94000-7f2eccd96000 rw-p 00000000 00:00 0 
7f2eccd96000-7f2eccd9e000 r-xp 00000000 08:01 8916595                    /lib/x86_64-linux-gnu/libnss_compat-2.15.so
7f2eccd9e000-7f2eccf9d000 ---p 00008000 08:01 8916595                    /lib/x86_64-linux-gnu/libnss_compat-2.15.so
7f2eccf9d000-7f2eccf9e000 r--p 00007000 08:01 8916595                    /lib/x86_64-linux-gnu/libnss_compat-2.15.so
7f2eccf9e000-7f2eccf9f000 rw-p 00008000 08:01 8916595                    /lib/x86_64-linux-gnu/libnss_compat-2.15.so
7f2eccf9f000-7f2ecd68c000 r--p 00000000 08:01 10883796                   /usr/lib/locale/locale-archive
7f2ecd68c000-7f2ecd68f000 r-xp 00000000 08:01 10888974                   /usr/lib/jvm/java-6-openjdk-amd64/jre/lib/amd64/libnpt.so
7f2ecd68f000-7f2ecd88e000 ---p 00003000 08:01 10888974                   /usr/lib/jvm/java-6-openjdk-amd64/jre/lib/amd64/libnpt.so
7f2ecd88e000-7f2ecd88f000 r--p 00002000 08:01 10888974                   /usr/lib/jvm/java-6-openjdk-amd64/jre/lib/amd64/libnpt.so
7f2ecd88f000-7f2ecd890000 rw-p 00003000 08:01 10888974                   /usr/lib/jvm/java-6-openjdk-amd64/jre/lib/amd64/libnpt.so
7f2ecd890000-7f2ecd899000 r-xp 00000000 08:01 10888965                   /usr/lib/jvm/java-6-openjdk-amd64/jre/lib/amd64/libinstrument.so
7f2ecd899000-7f2ecda99000 ---p 00009000 08:01 10888965                   /usr/lib/jvm/java-6-openjdk-amd64/jre/lib/amd64/libinstrument.so
7f2ecda99000-7f2ecda9a000 r--p 00009000 08:01 10888965                   /usr/lib/jvm/java-6-openjdk-amd64/jre/lib/amd64/libinstrument.so
7f2ecda9a000-7f2ecda9b000 rw-p 0000a000 08:01 10888965                   /usr/lib/jvm/java-6-openjdk-amd64/jre/lib/amd64/libinstrument.so
7f2ecda9b000-7f2ecdad5000 r-xp 00000000 08:01 10888968                   /usr/lib/jvm/java-6-openjdk-amd64/jre/lib/amd64/libjdwp.so
7f2ecdad5000-7f2ecdcd4000 ---p 0003a000 08:01 10888968                   /usr/lib/jvm/java-6-openjdk-amd64/jre/lib/amd64/libjdwp.so
7f2ecdcd4000-7f2ecdcd5000 r--p 00039000 08:01 10888968                   /usr/lib/jvm/java-6-openjdk-amd64/jre/lib/amd64/libjdwp.so
7f2ecdcd5000-7f2ecdcd6000 rw-p 0003a000 08:01 10888968                   /usr/lib/jvm/java-6-openjdk-amd64/jre/lib/amd64/libjdwp.so
7f2ecdcd6000-7f2ecdd02000 r-xp 00000000 08:01 10888962                   /usr/lib/jvm/java-6-openjdk-amd64/jre/lib/amd64/libjava.so
7f2ecdd02000-7f2ecdf01000 ---p 0002c000 08:01 10888962                   /usr/lib/jvm/java-6-openjdk-amd64/jre/lib/amd64/libjava.so
7f2ecdf01000-7f2ecdf02000 r--p 0002b000 08:01 10888962                   /usr/lib/jvm/java-6-openjdk-amd64/jre/lib/amd64/libjava.so
7f2ecdf02000-7f2ecdf05000 rw-p 0002c000 08:01 10888962                   /usr/lib/jvm/java-6-openjdk-amd64/jre/lib/amd64/libjava.so
7f2ecdf05000-7f2ecdf13000 r-xp 00000000 08:01 10888973                   /usr/lib/jvm/java-6-openjdk-amd64/jre/lib/amd64/libverify.so
7f2ecdf13000-7f2ece112000 ---p 0000e000 08:01 10888973                   /usr/lib/jvm/java-6-openjdk-amd64/jre/lib/amd64/libverify.so
7f2ece112000-7f2ece114000 r--p 0000d000 08:01 10888973                   /usr/lib/jvm/java-6-openjdk-amd64/jre/lib/amd64/libverify.so
7f2ece114000-7f2ece115000 rw-p 0000f000 08:01 10888973                   /usr/lib/jvm/java-6-openjdk-amd64/jre/lib/amd64/libverify.so
7f2ece115000-7f2ece11c000 r-xp 00000000 08:01 8916634                    /lib/x86_64-linux-gnu/librt-2.15.so
7f2ece11c000-7f2ece31b000 ---p 00007000 08:01 8916634                    /lib/x86_64-linux-gnu/librt-2.15.so
7f2ece31b000-7f2ece31c000 r--p 00006000 08:01 8916634                    /lib/x86_64-linux-gnu/librt-2.15.so
7f2ece31c000-7f2ece31d000 rw-p 00007000 08:01 8916634                    /lib/x86_64-linux-gnu/librt-2.15.so
7f2ece31d000-7f2ece332000 r-xp 00000000 08:01 8916569                    /lib/x86_64-linux-gnu/libgcc_s.so.1
7f2ece332000-7f2ece531000 ---p 00015000 08:01 8916569                    /lib/x86_64-linux-gnu/libgcc_s.so.1
7f2ece531000-7f2ece532000 r--p 00014000 08:01 8916569                    /lib/x86_64-linux-gnu/libgcc_s.so.1
7f2ece532000-7f2ece533000 rw-p 00015000 08:01 8916569                    /lib/x86_64-linux-gnu/libgcc_s.so.1
7f2ece533000-7f2ece62c000 r-xp 00000000 08:01 8916580                    /lib/x86_64-linux-gnu/libm-2.15.so
7f2ece62c000-7f2ece82b000 ---p 000f9000 08:01 8916580                    /lib/x86_64-linux-gnu/libm-2.15.so
7f2ece82b000-7f2ece82c000 r--p 000f8000 08:01 8916580                    /lib/x86_64-linux-gnu/libm-2.15.so
7f2ece82c000-7f2ece82d000 rw-p 000f9000 08:01 8916580                    /lib/x86_64-linux-gnu/libm-2.15.so
7f2ece82d000-7f2ece90f000 r-xp 00000000 08:01 10885818                   /usr/lib/x86_64-linux-gnu/libstdc++.so.6.0.16
7f2ece90f000-7f2eceb0e000 ---p 000e2000 08:01 10885818                   /usr/lib/x86_64-linux-gnu/libstdc++.so.6.0.16
7f2eceb0e000-7f2eceb16000 r--p 000e1000 08:01 10885818                   /usr/lib/x86_64-linux-gnu/libstdc++.so.6.0.16
7f2eceb16000-7f2eceb18000 rw-p 000e9000 08:01 10885818                   /usr/lib/x86_64-linux-gnu/libstdc++.so.6.0.16
7f2eceb18000-7f2eceb2d000 rw-p 00000000 00:00 0 
7f2eceb2d000-7f2ecf431000 r-xp 00000000 08:01 10888958                   /usr/lib/jvm/java-6-openjdk-amd64/jre/lib/amd64/server/libjvm.so
7f2ecf431000-7f2ecf631000 ---p 00904000 08:01 10888958                   /usr/lib/jvm/java-6-openjdk-amd64/jre/lib/amd64/server/libjvm.so
7f2ecf631000-7f2ecf6b1000 r--p 00904000 08:01 10888958                   /usr/lib/jvm/java-6-openjdk-amd64/jre/lib/amd64/server/libjvm.so
7f2ecf6b1000-7f2ecf6cc000 rw-p 00984000 08:01 10888958                   /usr/lib/jvm/java-6-openjdk-amd64/jre/lib/amd64/server/libjvm.so
7f2ecf6cc000-7f2ecf6f5000 rw-p 00000000 00:00 0 
7f2ecf6f5000-7f2ecf70b000 r-xp 00000000 08:01 8916659                    /lib/x86_64-linux-gnu/libz.so.1.2.3.4
7f2ecf70b000-7f2ecf90a000 ---p 00016000 08:01 8916659                    /lib/x86_64-linux-gnu/libz.so.1.2.3.4
7f2ecf90a000-7f2ecf90b000 r--p 00015000 08:01 8916659                    /lib/x86_64-linux-gnu/libz.so.1.2.3.4
7f2ecf90b000-7f2ecf90c000 rw-p 00016000 08:01 8916659                    /lib/x86_64-linux-gnu/libz.so.1.2.3.4
7f2ecf90c000-7f2ecfabf000 r-xp 00000000 08:01 8916548                    /lib/x86_64-linux-gnu/libc-2.15.so
7f2ecfabf000-7f2ecfcbe000 ---p 001b3000 08:01 8916548                    /lib/x86_64-linux-gnu/libc-2.15.so
7f2ecfcbe000-7f2ecfcc2000 r--p 001b2000 08:01 8916548                    /lib/x86_64-linux-gnu/libc-2.15.so
7f2ecfcc2000-7f2ecfcc4000 rw-p 001b6000 08:01 8916548                    /lib/x86_64-linux-gnu/libc-2.15.so
7f2ecfcc4000-7f2ecfcc9000 rw-p 00000000 00:00 0 
7f2ecfcc9000-7f2ecfccb000 r-xp 00000000 08:01 8916561                    /lib/x86_64-linux-gnu/libdl-2.15.so
7f2ecfccb000-7f2ecfecb000 ---p 00002000 08:01 8916561                    /lib/x86_64-linux-gnu/libdl-2.15.so
7f2ecfecb000-7f2ecfecc000 r--p 00002000 08:01 8916561                    /lib/x86_64-linux-gnu/libdl-2.15.so
7f2ecfecc000-7f2ecfecd000 rw-p 00003000 08:01 8916561                    /lib/x86_64-linux-gnu/libdl-2.15.so
7f2ecfecd000-7f2ecfed1000 r-xp 00000000 08:01 10888964                   /usr/lib/jvm/java-6-openjdk-amd64/jre/lib/amd64/jli/libjli.so
7f2ecfed1000-7f2ed00d0000 ---p 00004000 08:01 10888964                   /usr/lib/jvm/java-6-openjdk-amd64/jre/lib/amd64/jli/libjli.so
7f2ed00d0000-7f2ed00d1000 r--p 00003000 08:01 10888964                   /usr/lib/jvm/java-6-openjdk-amd64/jre/lib/amd64/jli/libjli.so
7f2ed00d1000-7f2ed00d2000 rw-p 00004000 08:01 10888964                   /usr/lib/jvm/java-6-openjdk-amd64/jre/lib/amd64/jli/libjli.so
7f2ed00d2000-7f2ed00ea000 r-xp 00000000 08:01 8916628                    /lib/x86_64-linux-gnu/libpthread-2.15.so
7f2ed00ea000-7f2ed02e9000 ---p 00018000 08:01 8916628                    /lib/x86_64-linux-gnu/libpthread-2.15.so
7f2ed02e9000-7f2ed02ea000 r--p 00017000 08:01 8916628                    /lib/x86_64-linux-gnu/libpthread-2.15.so
7f2ed02ea000-7f2ed02eb000 rw-p 00018000 08:01 8916628                    /lib/x86_64-linux-gnu/libpthread-2.15.so
7f2ed02eb000-7f2ed02ef000 rw-p 00000000 00:00 0 
7f2ed02ef000-7f2ed0311000 r-xp 00000000 08:01 8916528                    /lib/x86_64-linux-gnu/ld-2.15.so
7f2ed0311000-7f2ed0315000 r--s 00027000 08:01 786919                     /home/matias/Desarrollo/play/play-1.2.4/framework/lib/gson-1.7.1.jar
7f2ed0315000-7f2ed0318000 r--s 00022000 08:01 786930                     /home/matias/Desarrollo/play/play-1.2.4/framework/lib/jamon-2.7.jar
7f2ed0318000-7f2ed031d000 r--s 00020000 08:01 786934                     /home/matias/Desarrollo/play/play-1.2.4/framework/lib/jj-imaging.jar
7f2ed031d000-7f2ed0322000 r--s 00048000 08:01 786914                     /home/matias/Desarrollo/play/play-1.2.4/framework/lib/dom4j-1.6.1.jar
7f2ed0322000-7f2ed0323000 r--s 00001000 08:01 1049647                    /home/matias/Desarrollo/play/play-1.2.4/modules/testrunner/lib/play-testrunner.jar
7f2ed0323000-7f2ed0324000 rw-p 00000000 00:00 0 
7f2ed0324000-7f2ed0327000 r--s 0007d000 08:01 10888912                   /usr/lib/jvm/java-6-openjdk-common/jre/lib/jsse.jar
7f2ed0327000-7f2ed0333000 r--s 000c2000 08:01 786961                     /home/matias/Desarrollo/play/play-1.2.4/framework/play-1.2.4.jar
7f2ed0333000-7f2ed0349000 rw-p 00000000 00:00 0 
7f2ed0349000-7f2ed03f3000 rw-p 00000000 00:00 0 
7f2ed03f3000-7f2ed03f6000 ---p 00000000 00:00 0 
7f2ed03f6000-7f2ed04f9000 rw-p 00000000 00:00 0 
7f2ed04f9000-7f2ed04fa000 r--s 00007000 08:01 11148865                   /usr/share/java/java-atk-wrapper.jar
7f2ed04fa000-7f2ed04fc000 r--s 0000f000 08:01 10888895                   /usr/lib/jvm/java-6-openjdk-common/jre/lib/ext/pulse-java.jar
7f2ed04fc000-7f2ed0500000 r--s 00038000 08:01 10888898                   /usr/lib/jvm/java-6-openjdk-common/jre/lib/ext/sunpkcs11.jar
7f2ed0500000-7f2ed0502000 r--s 00001000 08:01 10888899                   /usr/lib/jvm/java-6-openjdk-common/jre/lib/ext/dnsns.jar
7f2ed0502000-7f2ed0505000 r--s 00077000 08:01 10888897                   /usr/lib/jvm/java-6-openjdk-common/jre/lib/ext/localedata.jar
7f2ed0505000-7f2ed050d000 rw-s 00000000 08:01 8388700                    /tmp/hsperfdata_matias/6751
7f2ed050d000-7f2ed050e000 rw-p 00000000 00:00 0 
7f2ed050e000-7f2ed050f000 r--p 00000000 00:00 0 
7f2ed050f000-7f2ed0511000 rw-p 00000000 00:00 0 
7f2ed0511000-7f2ed0512000 r--p 00022000 08:01 8916528                    /lib/x86_64-linux-gnu/ld-2.15.so
7f2ed0512000-7f2ed0514000 rw-p 00023000 08:01 8916528                    /lib/x86_64-linux-gnu/ld-2.15.so
7fffdce52000-7fffdce74000 rw-p 00000000 00:00 0                          [stack]
7fffdcfd5000-7fffdcfd6000 r-xp 00000000 00:00 0                          [vdso]
ffffffffff600000-ffffffffff601000 r-xp 00000000 00:00 0                  [vsyscall]

VM Arguments:
jvm_args: -javaagent:/home/matias/Desarrollo/play/play-1.2.4/framework/play-1.2.4.jar -XX:-UseSplitVerifier -Dfile.encoding=utf-8 -Xdebug -Xrunjdwp:transport=dt_socket,address=8000,server=y,suspend=n -Dplay.debug=yes -Dapplication.path=/home/matias/Desarrollo/index -Dplay.id=test 
java_command: play.server.Server 
Launcher Type: SUN_STANDARD

Environment Variables:
PATH=/usr/lib/lightdm/lightdm:/usr/local/sbin:/usr/local/bin:/usr/sbin:/usr/bin:/sbin:/bin:/usr/games:/home/matias/jdk1.6.0_33/bin:/home/matias/Desarrollo/grails/grails-1.3.7/bin:/home/matias/Desarrollo/maven/apache-maven-2.2.1/bin:/home/matias/Desarrollo/play/play-1.2.4
LD_LIBRARY_PATH=/usr/lib/jvm/java-6-openjdk-amd64/jre/lib/amd64/server:/usr/lib/jvm/java-6-openjdk-amd64/jre/lib/amd64:/usr/lib/jvm/java-6-openjdk-amd64/jre/../lib/amd64
SHELL=/bin/bash
DISPLAY=:0.0

Signal Handlers:
SIGSEGV: [libjvm.so+0x784310], sa_mask[0]=0x7ffbfeff, sa_flags=0x10000004
SIGBUS: [libjvm.so+0x784310], sa_mask[0]=0x7ffbfeff, sa_flags=0x10000004
SIGFPE: [libjvm.so+0x648580], sa_mask[0]=0x7ffbfeff, sa_flags=0x10000004
SIGPIPE: [libjvm.so+0x648580], sa_mask[0]=0x7ffbfeff, sa_flags=0x10000004
SIGXFSZ: [libjvm.so+0x648580], sa_mask[0]=0x7ffbfeff, sa_flags=0x10000004
SIGILL: [libjvm.so+0x648580], sa_mask[0]=0x7ffbfeff, sa_flags=0x10000004
SIGUSR1: SIG_DFL, sa_mask[0]=0x00000000, sa_flags=0x00000000
SIGUSR2: [libjvm.so+0x648730], sa_mask[0]=0x00000004, sa_flags=0x10000004
SIGHUP: [libjvm.so+0x64b250], sa_mask[0]=0x7ffbfeff, sa_flags=0x10000004
SIGINT: [libjvm.so+0x64b250], sa_mask[0]=0x7ffbfeff, sa_flags=0x10000004
SIGTERM: [libjvm.so+0x64b250], sa_mask[0]=0x7ffbfeff, sa_flags=0x10000004
SIGQUIT: [libjvm.so+0x64b250], sa_mask[0]=0x7ffbfeff, sa_flags=0x10000004


---------------  S Y S T E M  ---------------

OS:Ubuntu 12.04 (precise)
uname:Linux 3.2.0-29-generic #46-Ubuntu SMP Fri Jul 27 17:03:23 UTC 2012 x86_64
libc:glibc 2.15 NPTL 2.15 
rlimit: STACK 8192k, CORE 0k, NPROC 28968, NOFILE 4096, AS infinity
load average:0,72 0,70 0,69

/proc/meminfo:
MemTotal:        3791576 kB
MemFree:          195432 kB
Buffers:            6960 kB
Cached:           165156 kB
SwapCached:        40040 kB
Active:          2572608 kB
Inactive:         742084 kB
Active(anon):    2495064 kB
Inactive(anon):   659332 kB
Active(file):      77544 kB
Inactive(file):    82752 kB
Unevictable:          16 kB
Mlocked:              16 kB
SwapTotal:       3930108 kB
SwapFree:        3630768 kB
Dirty:              1500 kB
Writeback:             0 kB
AnonPages:       3109236 kB
Mapped:           100216 kB
Shmem:             11668 kB
Slab:             111616 kB
SReclaimable:      81724 kB
SUnreclaim:        29892 kB
KernelStack:        4632 kB
PageTables:        47648 kB
NFS_Unstable:          0 kB
Bounce:                0 kB
WritebackTmp:          0 kB
CommitLimit:     5825896 kB
Committed_AS:    6250612 kB
VmallocTotal:   34359738367 kB
VmallocUsed:      303400 kB
VmallocChunk:   34359432116 kB
HardwareCorrupted:     0 kB
AnonHugePages:         0 kB
HugePages_Total:       0
HugePages_Free:        0
HugePages_Rsvd:        0
HugePages_Surp:        0
Hugepagesize:       2048 kB
DirectMap4k:       91648 kB
DirectMap2M:     2791424 kB
DirectMap1G:     1048576 kB


CPU:total 4 (4 cores per cpu, 1 threads per core) family 16 model 4 stepping 2, cmov, cx8, fxsr, mmx, sse, sse2, sse3, popcnt, mmxext, 3dnowpref, lzcnt, sse4a

Memory: 4k page, physical 3791576k(195432k free), swap 3930108k(3630768k free)

vm_info: OpenJDK 64-Bit Server VM (20.0-b12) for linux-amd64 JRE (1.6.0_24-b24), built on Jun 27 2012 02:37:21 by "buildd" with gcc 4.6.3

time: Mon Aug 20 13:23:07 2012
elapsed time: 48639 seconds

