#
# A fatal error has been detected by the Java Runtime Environment:
#
#  SIGSEGV (0xb) at pc=0x00007f5539505a2e, pid=15145, tid=140003822302976
#
# JRE version: 6.0_24-b24
# Java VM: OpenJDK 64-Bit Server VM (20.0-b12 mixed mode linux-amd64 compressed oops)
# Derivative: IcedTea6 1.11.3
# Distribution: Ubuntu 12.04 LTS, package 6b24-1.11.3-1ubuntu0.12.04.1
# Problematic frame:
# V  [libjvm.so+0x5bca2e]  PhaseIdealLoop::build_loop_late_post(Node*)+0x14e
#
# If you would like to submit a bug report, please include
# instructions how to reproduce the bug and visit:
#   https://bugs.launchpad.net/ubuntu/+source/openjdk-6/
#

---------------  T H R E A D  ---------------

Current thread (0x00007f55340dd000):  JavaThread "C2 CompilerThread1" daemon [_thread_in_native, id=15158, stack(0x00007f552e087000,0x00007f552e188000)]

siginfo:si_signo=SIGSEGV: si_errno=0, si_code=1 (SEGV_MAPERR), si_addr=0x0000000000000008

Registers:
RAX=0x0000000000000000, RBX=0x00007f552e184a50, RCX=0x00007f54f4510570, RDX=0x0000000000002000
RSP=0x00007f552e183290, RBP=0x00007f552e1832d0, RSI=0x00007f54f47a65e0, RDI=0x0000000000000000
R8 =0x00007f54f44762b0, R9 =0x00007f552e184a50, R10=0x00007f54f47a65e0, R11=0x0000000000000000
R12=0x00007f54f4281b20, R13=0x00007f54f45d2e98, R14=0x00007f552e184a70, R15=0x00007f54f412c288
RIP=0x00007f5539505a2e, EFLAGS=0x0000000000010287, CSGSFS=0x0000000000000033, ERR=0x0000000000000004
  TRAPNO=0x000000000000000e

Top of Stack: (sp=0x00007f552e183290)
0x00007f552e183290:   00007f54f478ae88 00007f552e183570
0x00007f552e1832a0:   00007f552e1832d0 00007f552e184a50
0x00007f552e1832b0:   0000000000000002 00007f54f4281b20
0x00007f552e1832c0:   00007f54f508acf8 00007f552e183570
0x00007f552e1832d0:   00007f552e183340 00007f5539505f9b
0x00007f552e1832e0:   00007f54f5013dc0 00007f5500000100
0x00007f552e1832f0:   00007f5500000001 00007f552e1853f0
0x00007f552e183300:   00007f552e183590 00007f552e183530
0x00007f552e183310:   0000000000001804 00007f552e184a50
0x00007f552e183320:   0000000000000007 0000000000000001
0x00007f552e183330:   0000000000000001 00007f54f5013dc0
0x00007f552e183340:   00007f552e1835e0 00007f5539506b62
0x00007f552e183350:   00007f552e183390 00007f54f5013d50
0x00007f552e183360:   00007f552e183390 00007f552e184a70
0x00007f552e183370:   00007f54f5188c98 00007f552e183630
0x00007f552e183380:   00007f54f5189008 00007f54f5188f58
0x00007f552e183390:   00007f552e183460 00007f55393b7971
0x00007f552e1833a0:   00007f55340dd000 00007f54f45cce80
0x00007f552e1833b0:   00007f5539adb7e0 0000000000000004
0x00007f552e1833c0:   00007f552e183ff8 00007f552e184018
0x00007f552e1833d0:   00007f552e183400 00007f55395797b4
0x00007f552e1833e0:   00007f54f5085b00 00007f552e1834d0
0x00007f552e1833f0:   00007f552e183400 00007f5539255382
0x00007f552e183400:   00007f552e183460 00007f55393b9f25
0x00007f552e183410:   00007f54f46592b0 00007f54f46e0710
0x00007f552e183420:   0000000000000010 0000000000000080
0x00007f552e183430:   0000000000000002 0000000000010040
0x00007f552e183440:   0000000000000000 0000043000001002
0x00007f552e183450:   0000007e000000db 0000007c00000079
0x00007f552e183460:   00007f552e183550 00007f54f4000020
0x00007f552e183470:   0000000000010010 0000000000010010
0x00007f552e183480:   00007f54f4ee58a0 0000000000010000 

Instructions: (pc=0x00007f5539505a2e)
0x00007f5539505a0e:   4c 39 e8 0f 84 ad 03 00 00 8b 70 28 49 89 c7 0f
0x00007f5539505a1e:   1f 00 4c 8b 93 e0 09 00 00 49 8d 34 f2 48 8b 06
0x00007f5539505a2e:   48 8b 50 08 48 83 3a 00 75 27 8b 4b 28 0f 1f 44
0x00007f5539505a3e:   00 00 8b 50 28 31 c0 39 ca 73 0c 48 8b 43 30 48 

Register to memory mapping:

RAX=0x0000000000000000 is an unknown value
RBX=0x00007f552e184a50 is pointing into the stack for thread: 0x00007f55340dd000
RCX=0x00007f54f4510570 is an unknown value
RDX=0x0000000000002000 is an unknown value
RSP=0x00007f552e183290 is pointing into the stack for thread: 0x00007f55340dd000
RBP=0x00007f552e1832d0 is pointing into the stack for thread: 0x00007f55340dd000
RSI=0x00007f54f47a65e0 is an unknown value
RDI=0x0000000000000000 is an unknown value
R8 =0x00007f54f44762b0 is an unknown value
R9 =0x00007f552e184a50 is pointing into the stack for thread: 0x00007f55340dd000
R10=0x00007f54f47a65e0 is an unknown value
R11=0x0000000000000000 is an unknown value
R12=0x00007f54f4281b20 is an unknown value
R13=0x00007f54f45d2e98 is an unknown value
R14=0x00007f552e184a70 is pointing into the stack for thread: 0x00007f55340dd000
R15=0x00007f54f412c288 is an unknown value


Stack: [0x00007f552e087000,0x00007f552e188000],  sp=0x00007f552e183290,  free space=1008k
Native frames: (J=compiled Java code, j=interpreted, Vv=VM code, C=native code)
V  [libjvm.so+0x5bca2e]  PhaseIdealLoop::build_loop_late_post(Node*)+0x14e
V  [libjvm.so+0x5bcf9b]  PhaseIdealLoop::build_loop_late(VectorSet&, Node_List&, Node_Stack&)+0x10b
V  [libjvm.so+0x5bdb62]  PhaseIdealLoop::build_and_optimize(bool, bool)+0x692
V  [libjvm.so+0x37bcda]  Compile::Optimize()+0xd2a
V  [libjvm.so+0x37ca43]  Compile::Compile(ciEnv*, C2Compiler*, ciMethod*, int, bool, bool)+0xad3
V  [libjvm.so+0x306250]  C2Compiler::compile_method(ciEnv*, ciMethod*, int)+0xe0
V  [libjvm.so+0x381133]  CompileBroker::invoke_compiler_on_method(CompileTask*)+0x2a3
V  [libjvm.so+0x381a7b]  CompileBroker::compiler_thread_loop()+0x45b
V  [libjvm.so+0x74c0d8]  JavaThread::thread_main_inner()+0x58
V  [libjvm.so+0x64bbf2]  java_start(Thread*)+0x112


Current CompileTask:
C2:12809435 1878      jregex.Pretokenizer.next()V (1064 bytes)


---------------  P R O C E S S  ---------------

Java Threads: ( => current thread )
  0x00007f54d84b3000 JavaThread "net.sf.ehcache.CacheManager@3c2f0c4d" daemon [_thread_blocked, id=15991, stack(0x00007f552d167000,0x00007f552d268000)]
  0x00007f54e001e800 JavaThread "New I/O server worker #1-2" [_thread_in_native, id=15953, stack(0x00007f552c85e000,0x00007f552c95f000)]
  0x00007f54f8043800 JavaThread "JDWP Transport Listener: dt_socket" daemon [_thread_in_native, id=15903, stack(0x00007f552e38a000,0x00007f552e48b000)]
  0x00007f54c4011000 JavaThread "File Reaper" daemon [_thread_blocked, id=15174, stack(0x00007f552cc62000,0x00007f552cd63000)]
  0x00007f54d87a3000 JavaThread "pool-5-thread-1" [_thread_blocked, id=15173, stack(0x00007f552cd63000,0x00007f552ce64000)]
  0x00007f54d8484000 JavaThread "com.mchange.v2.async.ThreadPoolAsynchronousRunner$PoolThread-#2" daemon [_thread_blocked, id=15168, stack(0x00007f54cfeff000,0x00007f54d0000000)]
  0x00007f54d80bb000 JavaThread "com.mchange.v2.async.ThreadPoolAsynchronousRunner$PoolThread-#1" daemon [_thread_blocked, id=15167, stack(0x00007f552cf65000,0x00007f552d066000)]
  0x00007f54d82b6800 JavaThread "com.mchange.v2.async.ThreadPoolAsynchronousRunner$PoolThread-#0" daemon [_thread_blocked, id=15166, stack(0x00007f552d066000,0x00007f552d167000)]
  0x00007f54d859c800 JavaThread "Timer-0" daemon [_thread_blocked, id=15165, stack(0x00007f552d29f000,0x00007f552d3a0000)]
  0x00007f54e400a000 JavaThread "play-thread-1" [_thread_in_vm, id=15163, stack(0x00007f552d5a7000,0x00007f552d6a8000)]
  0x00007f553400e000 JavaThread "DestroyJavaVM" [_thread_blocked, id=15146, stack(0x00007f553a80f000,0x00007f553a910000)]
  0x00007f5534366000 JavaThread "New I/O server boss #1 ([id: 0x5c3a835d, /0:0:0:0:0:0:0:0:9009])" [_thread_in_native, id=15161, stack(0x00007f552d7a9000,0x00007f552d8aa000)]
  0x00007f55340df800 JavaThread "Low Memory Detector" daemon [_thread_blocked, id=15159, stack(0x00007f552df86000,0x00007f552e087000)]
=>0x00007f55340dd000 JavaThread "C2 CompilerThread1" daemon [_thread_in_native, id=15158, stack(0x00007f552e087000,0x00007f552e188000)]
  0x00007f55340da800 JavaThread "C2 CompilerThread0" daemon [_thread_in_native, id=15157, stack(0x00007f552e188000,0x00007f552e289000)]
  0x00007f55340d8000 JavaThread "JDWP Event Helper Thread" daemon [_thread_blocked, id=15156, stack(0x00007f552e289000,0x00007f552e38a000)]
  0x00007f553408f800 JavaThread "Signal Dispatcher" daemon [_thread_blocked, id=15154, stack(0x00007f552e690000,0x00007f552e791000)]
  0x00007f553407e800 JavaThread "Finalizer" daemon [_thread_blocked, id=15153, stack(0x00007f552e791000,0x00007f552e892000)]
  0x00007f553407c800 JavaThread "Reference Handler" daemon [_thread_blocked, id=15152, stack(0x00007f552e892000,0x00007f552e993000)]

Other Threads:
  0x00007f5534075800 VMThread [stack: 0x00007f552e993000,0x00007f552ea94000] [id=15151]
  0x00007f55340e2800 WatcherThread [stack: 0x00007f552de85000,0x00007f552df86000] [id=15160]

VM state:not at safepoint (normal execution)

VM Mutex/Monitor currently owned by a thread: None

Heap
 PSYoungGen      total 142784K, used 133074K [0x00000000ecb60000, 0x00000000f62b0000, 0x0000000100000000)
  eden space 140288K, 94% used [0x00000000ecb60000,0x00000000f4d4c8a8,0x00000000f5460000)
  from space 2496K, 1% used [0x00000000f56d0000,0x00000000f56d8000,0x00000000f5940000)
  to   space 2496K, 0% used [0x00000000f5460000,0x00000000f5460000,0x00000000f56d0000)
 PSOldGen        total 28608K, used 12698K [0x00000000c6200000, 0x00000000c7df0000, 0x00000000ecb60000)
  object space 28608K, 44% used [0x00000000c6200000,0x00000000c6e66ab0,0x00000000c7df0000)
 PSPermGen       total 99264K, used 50482K [0x00000000bbc00000, 0x00000000c1cf0000, 0x00000000c6200000)
  object space 99264K, 50% used [0x00000000bbc00000,0x00000000bed4cbb0,0x00000000c1cf0000)

Code Cache  [0x00007f552f885000, 0x00007f5530095000, 0x00007f5532885000)
 total_blobs=2414 nmethods=1767 adapters=607 free_code_cache=42032896 largest_free_block=16640

Dynamic libraries:
00400000-00409000 r-xp 00000000 08:01 11021052                           /usr/lib/jvm/java-6-openjdk-amd64/jre/bin/java
00608000-00609000 r--p 00008000 08:01 11021052                           /usr/lib/jvm/java-6-openjdk-amd64/jre/bin/java
00609000-0060a000 rw-p 00009000 08:01 11021052                           /usr/lib/jvm/java-6-openjdk-amd64/jre/bin/java
013a0000-013c1000 rw-p 00000000 00:00 0                                  [heap]
bbc00000-c1cf0000 rw-p 00000000 00:00 0 
c1cf0000-c6200000 rw-p 00000000 00:00 0 
c6200000-c7df0000 rw-p 00000000 00:00 0 
c7df0000-c8960000 ---p 00000000 00:00 0 
c8960000-ecb60000 rw-p 00000000 00:00 0 
ecb60000-f62b0000 rw-p 00000000 00:00 0 
f62b0000-100000000 rw-p 00000000 00:00 0 
7f54a8000000-7f54a8036000 rw-p 00000000 00:00 0 
7f54a8036000-7f54ac000000 ---p 00000000 00:00 0 
7f54b0000000-7f54b0021000 rw-p 00000000 00:00 0 
7f54b0021000-7f54b4000000 ---p 00000000 00:00 0 
7f54b4000000-7f54b4050000 rw-p 00000000 00:00 0 
7f54b4050000-7f54b8000000 ---p 00000000 00:00 0 
7f54b8000000-7f54b8021000 rw-p 00000000 00:00 0 
7f54b8021000-7f54bc000000 ---p 00000000 00:00 0 
7f54bc000000-7f54bc021000 rw-p 00000000 00:00 0 
7f54bc021000-7f54c0000000 ---p 00000000 00:00 0 
7f54c0000000-7f54c0021000 rw-p 00000000 00:00 0 
7f54c0021000-7f54c4000000 ---p 00000000 00:00 0 
7f54c4000000-7f54c4350000 rw-p 00000000 00:00 0 
7f54c4350000-7f54c8000000 ---p 00000000 00:00 0 
7f54c8000000-7f54c803d000 rw-p 00000000 00:00 0 
7f54c803d000-7f54cc000000 ---p 00000000 00:00 0 
7f54cfeff000-7f54cff02000 ---p 00000000 00:00 0 
7f54cff02000-7f54d0000000 rw-p 00000000 00:00 0 
7f54d0000000-7f54d0027000 rw-p 00000000 00:00 0 
7f54d0027000-7f54d4000000 ---p 00000000 00:00 0 
7f54d4000000-7f54d407c000 rw-p 00000000 00:00 0 
7f54d407c000-7f54d8000000 ---p 00000000 00:00 0 
7f54d8000000-7f54d92ea000 rw-p 00000000 00:00 0 
7f54d92ea000-7f54dc000000 ---p 00000000 00:00 0 
7f54dc000000-7f54dc021000 rw-p 00000000 00:00 0 
7f54dc021000-7f54e0000000 ---p 00000000 00:00 0 
7f54e0000000-7f54e00f9000 rw-p 00000000 00:00 0 
7f54e00f9000-7f54e4000000 ---p 00000000 00:00 0 
7f54e4000000-7f54e403b000 rw-p 00000000 00:00 0 
7f54e403b000-7f54e8000000 ---p 00000000 00:00 0 
7f54e8000000-7f54e8021000 rw-p 00000000 00:00 0 
7f54e8021000-7f54ec000000 ---p 00000000 00:00 0 
7f54ec000000-7f54ec021000 rw-p 00000000 00:00 0 
7f54ec021000-7f54f0000000 ---p 00000000 00:00 0 
7f54f0000000-7f54f282b000 rw-p 00000000 00:00 0 
7f54f282b000-7f54f4000000 ---p 00000000 00:00 0 
7f54f4000000-7f54f7367000 rw-p 00000000 00:00 0 
7f54f7367000-7f54f8000000 ---p 00000000 00:00 0 
7f54f8000000-7f54f8166000 rw-p 00000000 00:00 0 
7f54f8166000-7f54fc000000 ---p 00000000 00:00 0 
7f54fc000000-7f54fc021000 rw-p 00000000 00:00 0 
7f54fc021000-7f5500000000 ---p 00000000 00:00 0 
7f5500000000-7f5500021000 rw-p 00000000 00:00 0 
7f5500021000-7f5504000000 ---p 00000000 00:00 0 
7f5504000000-7f5504021000 rw-p 00000000 00:00 0 
7f5504021000-7f5508000000 ---p 00000000 00:00 0 
7f5508000000-7f5508062000 rw-p 00000000 00:00 0 
7f5508062000-7f550c000000 ---p 00000000 00:00 0 
7f550c000000-7f550c021000 rw-p 00000000 00:00 0 
7f550c021000-7f5510000000 ---p 00000000 00:00 0 
7f5510000000-7f5510021000 rw-p 00000000 00:00 0 
7f5510021000-7f5514000000 ---p 00000000 00:00 0 
7f5518000000-7f5518021000 rw-p 00000000 00:00 0 
7f5518021000-7f551c000000 ---p 00000000 00:00 0 
7f5520000000-7f5520023000 rw-p 00000000 00:00 0 
7f5520023000-7f5524000000 ---p 00000000 00:00 0 
7f5524000000-7f552409a000 rw-p 00000000 00:00 0 
7f552409a000-7f5528000000 ---p 00000000 00:00 0 
7f5528000000-7f5528021000 rw-p 00000000 00:00 0 
7f5528021000-7f552c000000 ---p 00000000 00:00 0 
7f552c85e000-7f552c861000 ---p 00000000 00:00 0 
7f552c861000-7f552c95f000 rw-p 00000000 00:00 0 
7f552c95f000-7f552c962000 ---p 00000000 00:00 0 
7f552c962000-7f552ca60000 rw-p 00000000 00:00 0 
7f552ca60000-7f552ca63000 ---p 00000000 00:00 0 
7f552ca63000-7f552cb61000 rw-p 00000000 00:00 0 
7f552cb61000-7f552cb64000 ---p 00000000 00:00 0 
7f552cb64000-7f552cc62000 rw-p 00000000 00:00 0 
7f552cc62000-7f552cc65000 ---p 00000000 00:00 0 
7f552cc65000-7f552cd63000 rw-p 00000000 00:00 0 
7f552cd63000-7f552cd66000 ---p 00000000 00:00 0 
7f552cd66000-7f552ce64000 rw-p 00000000 00:00 0 
7f552ce64000-7f552ce67000 ---p 00000000 00:00 0 
7f552ce67000-7f552cf65000 rw-p 00000000 00:00 0 
7f552cf65000-7f552cf68000 ---p 00000000 00:00 0 
7f552cf68000-7f552d066000 rw-p 00000000 00:00 0 
7f552d066000-7f552d069000 ---p 00000000 00:00 0 
7f552d069000-7f552d167000 rw-p 00000000 00:00 0 
7f552d167000-7f552d16a000 ---p 00000000 00:00 0 
7f552d16a000-7f552d268000 rw-p 00000000 00:00 0 
7f552d29f000-7f552d2a2000 ---p 00000000 00:00 0 
7f552d2a2000-7f552d3a0000 rw-p 00000000 00:00 0 
7f552d3a0000-7f552d3a6000 r-xp 00000000 08:01 10888985                   /usr/lib/jvm/java-6-openjdk-amd64/jre/lib/amd64/libmanagement.so
7f552d3a6000-7f552d5a5000 ---p 00006000 08:01 10888985                   /usr/lib/jvm/java-6-openjdk-amd64/jre/lib/amd64/libmanagement.so
7f552d5a5000-7f552d5a6000 r--p 00005000 08:01 10888985                   /usr/lib/jvm/java-6-openjdk-amd64/jre/lib/amd64/libmanagement.so
7f552d5a6000-7f552d5a7000 rw-p 00006000 08:01 10888985                   /usr/lib/jvm/java-6-openjdk-amd64/jre/lib/amd64/libmanagement.so
7f552d5a7000-7f552d5aa000 ---p 00000000 00:00 0 
7f552d5aa000-7f552d6a8000 rw-p 00000000 00:00 0 
7f552d6a8000-7f552d6ab000 ---p 00000000 00:00 0 
7f552d6ab000-7f552d7a9000 rw-p 00000000 00:00 0 
7f552d7a9000-7f552d7ac000 ---p 00000000 00:00 0 
7f552d7ac000-7f552d8aa000 rw-p 00000000 00:00 0 
7f552d8aa000-7f552d8b2000 r-xp 00000000 08:01 10888970                   /usr/lib/jvm/java-6-openjdk-amd64/jre/lib/amd64/libnio.so
7f552d8b2000-7f552dab1000 ---p 00008000 08:01 10888970                   /usr/lib/jvm/java-6-openjdk-amd64/jre/lib/amd64/libnio.so
7f552dab1000-7f552dab2000 r--p 00007000 08:01 10888970                   /usr/lib/jvm/java-6-openjdk-amd64/jre/lib/amd64/libnio.so
7f552dab2000-7f552dab3000 rw-p 00008000 08:01 10888970                   /usr/lib/jvm/java-6-openjdk-amd64/jre/lib/amd64/libnio.so
7f552dab3000-7f552dac8000 r-xp 00000000 08:01 10888971                   /usr/lib/jvm/java-6-openjdk-amd64/jre/lib/amd64/libnet.so
7f552dac8000-7f552dcc7000 ---p 00015000 08:01 10888971                   /usr/lib/jvm/java-6-openjdk-amd64/jre/lib/amd64/libnet.so
7f552dcc7000-7f552dcc8000 r--p 00014000 08:01 10888971                   /usr/lib/jvm/java-6-openjdk-amd64/jre/lib/amd64/libnet.so
7f552dcc8000-7f552dcc9000 rw-p 00015000 08:01 10888971                   /usr/lib/jvm/java-6-openjdk-amd64/jre/lib/amd64/libnet.so
7f552dcc9000-7f552dcd0000 r--s 000fb000 08:01 10888901                   /usr/lib/jvm/java-6-openjdk-common/jre/lib/resources.jar
7f552dcd0000-7f552dce0000 r--s 000b2000 08:01 786948                     /home/matias/Desarrollo/play/play-1.2.4/framework/lib/netty-3.2.5.Final.jar
7f552dce0000-7f552dd05000 r--s 00172000 08:01 786902                     /home/matias/Desarrollo/play/play-1.2.4/framework/lib/bcprov-jdk15-1.45.jar
7f552dd05000-7f552dd10000 r--s 00124000 08:01 786920                     /home/matias/Desarrollo/play/play-1.2.4/framework/lib/h2-1.3.149.jar
7f552dd10000-7f552dd12000 r--s 00001000 08:01 786940                     /home/matias/Desarrollo/play/play-1.2.4/framework/lib/jsr107cache-1.0.jar
7f552dd12000-7f552dd18000 r--s 0007e000 08:01 786951                     /home/matias/Desarrollo/play/play-1.2.4/framework/lib/postgresql-9.0.jar
7f552dd18000-7f552dd1f000 r--s 00049000 08:01 786950                     /home/matias/Desarrollo/play/play-1.2.4/framework/lib/oval-1.50.jar
7f552dd1f000-7f552dd21000 r--s 0000e000 08:01 786911                     /home/matias/Desarrollo/play/play-1.2.4/framework/lib/commons-javaflow-1066591.jar
7f552dd21000-7f552dd2c000 r--s 0005a000 08:01 786956                     /home/matias/Desarrollo/play/play-1.2.4/framework/lib/xstream-1.3.jar
7f552dd2c000-7f552dd2d000 r--s 00002000 08:01 786954                     /home/matias/Desarrollo/play/play-1.2.4/framework/lib/slf4j-log4j12-1.6.1.jar
7f552dd2d000-7f552dd2f000 r--s 00002000 08:01 786941                     /home/matias/Desarrollo/play/play-1.2.4/framework/lib/jta-1.1.jar
7f552dd2f000-7f552dd31000 r--s 00015000 08:01 786939                     /home/matias/Desarrollo/play/play-1.2.4/framework/lib/jregex-1.2_01.jar
7f552dd31000-7f552dd37000 r--s 00038000 08:01 786955                     /home/matias/Desarrollo/play/play-1.2.4/framework/lib/snakeyaml-1.7.jar
7f552dd37000-7f552dd3c000 r--s 00034000 08:01 786905                     /home/matias/Desarrollo/play/play-1.2.4/framework/lib/commons-beanutils-1.8.3.jar
7f552dd3c000-7f552dd3f000 r--s 00024000 08:01 786910                     /home/matias/Desarrollo/play/play-1.2.4/framework/lib/commons-io-2.0.1.jar
7f552dd3f000-7f552dd41000 r--s 0000b000 08:01 786936                     /home/matias/Desarrollo/play/play-1.2.4/framework/lib/jj-textile.jar
7f552dd41000-7f552dd48000 r--s 0006a000 08:01 786945                     /home/matias/Desarrollo/play/play-1.2.4/framework/lib/mail-1.4.3.jar
7f552dd48000-7f552dd57000 r--s 000d9000 08:01 786929                     /home/matias/Desarrollo/play/play-1.2.4/framework/lib/ivy-2.2.0.jar
7f552dd57000-7f552dd5a000 r--s 0000f000 08:01 786922                     /home/matias/Desarrollo/play/play-1.2.4/framework/lib/hibernate-commons-annotations-3.2.0.Final.jar
7f552dd5a000-7f552dd68000 r--s 0007f000 08:01 786907                     /home/matias/Desarrollo/play/play-1.2.4/framework/lib/commons-collections-3.2.1.jar
7f552dd68000-7f552dd73000 r--s 0008b000 08:01 786903                     /home/matias/Desarrollo/play/play-1.2.4/framework/lib/c3p0-0.9.1.2.jar
7f552dd73000-7f552dd75000 r--s 00005000 08:01 786953                     /home/matias/Desarrollo/play/play-1.2.4/framework/lib/slf4j-api-1.6.1.jar
7f552dd75000-7f552dd77000 r--s 00015000 08:01 786935                     /home/matias/Desarrollo/play/play-1.2.4/framework/lib/jj-simplecaptcha.jar
7f552dd77000-7f552dda9000 r--s 002c7000 08:01 786924                     /home/matias/Desarrollo/play/play-1.2.4/framework/lib/hibernate-core-3.6.1.Final.jar
7f552dda9000-7f552ddae000 r--s 0002e000 08:01 786900                     /home/matias/Desarrollo/play/play-1.2.4/framework/lib/asm-all-3.3.1.jar
7f552ddae000-7f552ddb4000 r--s 00034000 08:01 786942                     /home/matias/Desarrollo/play/play-1.2.4/framework/lib/junit-4.8.1.jar
7f552ddb4000-7f552ddb9000 r--s 00041000 08:01 786912                     /home/matias/Desarrollo/play/play-1.2.4/framework/lib/commons-lang-2.6.jar
7f552ddb9000-7f552ddbe000 r--s 00014000 08:01 786928                     /home/matias/Desarrollo/play/play-1.2.4/framework/lib/hibernate-jpa-2.0-api-1.0.0.Final.jar
7f552ddbe000-7f552ddbf000 r--s 00007000 08:01 786908                     /home/matias/Desarrollo/play/play-1.2.4/framework/lib/commons-email-1.2.jar
7f552ddbf000-7f552ddc6000 r--s 000b7000 08:01 786947                     /home/matias/Desarrollo/play/play-1.2.4/framework/lib/mysql-connector-java-5.1.13.jar
7f552ddc6000-7f552ddcf000 r--s 0006d000 08:01 786944                     /home/matias/Desarrollo/play/play-1.2.4/framework/lib/log4j-1.2.16.jar
7f552ddcf000-7f552ddd5000 r--s 00067000 08:01 786899                     /home/matias/Desarrollo/play/play-1.2.4/framework/lib/antlr-2.7.6.jar
7f552ddd5000-7f552ddd7000 r--s 00008000 08:01 786952                     /home/matias/Desarrollo/play/play-1.2.4/framework/lib/signpost-core-1.2.jar
7f552ddd7000-7f552ddde000 r--s 00038000 08:01 786937                     /home/matias/Desarrollo/play/play-1.2.4/framework/lib/jj-wikitext.jar
7f552ddde000-7f552dde1000 r--s 00011000 08:01 786916                     /home/matias/Desarrollo/play/play-1.2.4/framework/lib/ezmorph-1.0.3.jar
7f552dde1000-7f552dde3000 r--s 0000c000 08:01 786898                     /home/matias/Desarrollo/play/play-1.2.4/framework/lib/activation-1.1.1.jar
7f552dde3000-7f552ddea000 r--s 0004d000 08:01 786901                     /home/matias/Desarrollo/play/play-1.2.4/framework/lib/async-http-client-1.6.5.jar
7f552ddea000-7f552ddf0000 r--s 00040000 08:01 786946                     /home/matias/Desarrollo/play/play-1.2.4/framework/lib/memcached-2.6.jar
7f552ddf0000-7f552de1a000 r--s 00427000 08:01 786949                     /home/matias/Desarrollo/play/play-1.2.4/framework/lib/org.eclipse.jdt.core-3.8.0.v_C03.jar
7f552de1a000-7f552de22000 r--s 0008a000 08:01 786931                     /home/matias/Desarrollo/play/play-1.2.4/framework/lib/javassist-3.9.0.GA.jar
7f552de22000-7f552de28000 r--s 00032000 08:01 786933                     /home/matias/Desarrollo/play/play-1.2.4/framework/lib/jaxen-1.1.jar
7f552de28000-7f552de2b000 r--s 0000f000 08:01 786917                     /home/matias/Desarrollo/play/play-1.2.4/framework/lib/geronimo-servlet_2.5_spec-1.2.jar
7f552de2b000-7f552de31000 r--s 00049000 08:01 786904                     /home/matias/Desarrollo/play/play-1.2.4/framework/lib/cglib-nodep-2.2.jar
7f552de31000-7f552de85000 r--s 00520000 08:01 786918                     /home/matias/Desarrollo/play/play-1.2.4/framework/lib/groovy-all-1.7.10.jar
7f552de85000-7f552de86000 ---p 00000000 00:00 0 
7f552de86000-7f552df86000 rw-p 00000000 00:00 0 
7f552df86000-7f552df89000 ---p 00000000 00:00 0 
7f552df89000-7f552e087000 rw-p 00000000 00:00 0 
7f552e087000-7f552e08a000 ---p 00000000 00:00 0 
7f552e08a000-7f552e188000 rw-p 00000000 00:00 0 
7f552e188000-7f552e18b000 ---p 00000000 00:00 0 
7f552e18b000-7f552e289000 rw-p 00000000 00:00 0 
7f552e289000-7f552e28c000 ---p 00000000 00:00 0 
7f552e28c000-7f552e38a000 rw-p 00000000 00:00 0 
7f552e38a000-7f552e38d000 ---p 00000000 00:00 0 
7f552e38d000-7f552e48b000 rw-p 00000000 00:00 0 
7f552e48b000-7f552e48f000 r-xp 00000000 08:01 10888966                   /usr/lib/jvm/java-6-openjdk-amd64/jre/lib/amd64/libdt_socket.so
7f552e48f000-7f552e68e000 ---p 00004000 08:01 10888966                   /usr/lib/jvm/java-6-openjdk-amd64/jre/lib/amd64/libdt_socket.so
7f552e68e000-7f552e68f000 r--p 00003000 08:01 10888966                   /usr/lib/jvm/java-6-openjdk-amd64/jre/lib/amd64/libdt_socket.so
7f552e68f000-7f552e690000 rw-p 00004000 08:01 10888966                   /usr/lib/jvm/java-6-openjdk-amd64/jre/lib/amd64/libdt_socket.so
7f552e690000-7f552e693000 ---p 00000000 00:00 0 
7f552e693000-7f552e791000 rw-p 00000000 00:00 0 
7f552e791000-7f552e794000 ---p 00000000 00:00 0 
7f552e794000-7f552e892000 rw-p 00000000 00:00 0 
7f552e892000-7f552e895000 ---p 00000000 00:00 0 
7f552e895000-7f552e993000 rw-p 00000000 00:00 0 
7f552e993000-7f552e994000 ---p 00000000 00:00 0 
7f552e994000-7f552ef99000 rw-p 00000000 00:00 0 
7f552ef99000-7f552f129000 r--s 037bc000 08:01 10888995                   /usr/lib/jvm/java-6-openjdk-amd64/jre/lib/rt.jar
7f552f129000-7f552f12a000 ---p 00000000 00:00 0 
7f552f12a000-7f552f22a000 rw-p 00000000 00:00 0 
7f552f22a000-7f552f22b000 ---p 00000000 00:00 0 
7f552f22b000-7f552f32b000 rw-p 00000000 00:00 0 
7f552f32b000-7f552f32c000 ---p 00000000 00:00 0 
7f552f32c000-7f552f42c000 rw-p 00000000 00:00 0 
7f552f42c000-7f552f42d000 ---p 00000000 00:00 0 
7f552f42d000-7f552f53b000 rw-p 00000000 00:00 0 
7f552f53b000-7f552f541000 ---p 00000000 00:00 0 
7f552f541000-7f552f662000 rw-p 00000000 00:00 0 
7f552f662000-7f552f693000 rw-p 00000000 00:00 0 
7f552f693000-7f552f6b5000 rw-p 00000000 00:00 0 
7f552f6b5000-7f552f6c3000 rw-p 00000000 00:00 0 
7f552f6c3000-7f552f6c9000 ---p 00000000 00:00 0 
7f552f6c9000-7f552f7e9000 rw-p 00000000 00:00 0 
7f552f7e9000-7f552f836000 rw-p 00000000 00:00 0 
7f552f836000-7f552f884000 rw-p 00000000 00:00 0 
7f552f884000-7f552f885000 rw-p 00000000 00:00 0 
7f552f885000-7f5530095000 rwxp 00000000 00:00 0 
7f5530095000-7f5532885000 rw-p 00000000 00:00 0 
7f5532885000-7f553288c000 r-xp 00000000 08:01 10888982                   /usr/lib/jvm/java-6-openjdk-amd64/jre/lib/amd64/libzip.so
7f553288c000-7f5532a8b000 ---p 00007000 08:01 10888982                   /usr/lib/jvm/java-6-openjdk-amd64/jre/lib/amd64/libzip.so
7f5532a8b000-7f5532a8c000 r--p 00006000 08:01 10888982                   /usr/lib/jvm/java-6-openjdk-amd64/jre/lib/amd64/libzip.so
7f5532a8c000-7f5532a8d000 rw-p 00007000 08:01 10888982                   /usr/lib/jvm/java-6-openjdk-amd64/jre/lib/amd64/libzip.so
7f5532a8d000-7f5532a99000 r-xp 00000000 08:01 8916599                    /lib/x86_64-linux-gnu/libnss_files-2.15.so
7f5532a99000-7f5532c98000 ---p 0000c000 08:01 8916599                    /lib/x86_64-linux-gnu/libnss_files-2.15.so
7f5532c98000-7f5532c99000 r--p 0000b000 08:01 8916599                    /lib/x86_64-linux-gnu/libnss_files-2.15.so
7f5532c99000-7f5532c9a000 rw-p 0000c000 08:01 8916599                    /lib/x86_64-linux-gnu/libnss_files-2.15.so
7f5532c9a000-7f5532ca4000 r-xp 00000000 08:01 8916603                    /lib/x86_64-linux-gnu/libnss_nis-2.15.so
7f5532ca4000-7f5532ea4000 ---p 0000a000 08:01 8916603                    /lib/x86_64-linux-gnu/libnss_nis-2.15.so
7f5532ea4000-7f5532ea5000 r--p 0000a000 08:01 8916603                    /lib/x86_64-linux-gnu/libnss_nis-2.15.so
7f5532ea5000-7f5532ea6000 rw-p 0000b000 08:01 8916603                    /lib/x86_64-linux-gnu/libnss_nis-2.15.so
7f5532ea6000-7f5532ebd000 r-xp 00000000 08:01 8916593                    /lib/x86_64-linux-gnu/libnsl-2.15.so
7f5532ebd000-7f55330bc000 ---p 00017000 08:01 8916593                    /lib/x86_64-linux-gnu/libnsl-2.15.so
7f55330bc000-7f55330bd000 r--p 00016000 08:01 8916593                    /lib/x86_64-linux-gnu/libnsl-2.15.so
7f55330bd000-7f55330be000 rw-p 00017000 08:01 8916593                    /lib/x86_64-linux-gnu/libnsl-2.15.so
7f55330be000-7f55330c0000 rw-p 00000000 00:00 0 
7f55330c0000-7f55330c8000 r-xp 00000000 08:01 8916595                    /lib/x86_64-linux-gnu/libnss_compat-2.15.so
7f55330c8000-7f55332c7000 ---p 00008000 08:01 8916595                    /lib/x86_64-linux-gnu/libnss_compat-2.15.so
7f55332c7000-7f55332c8000 r--p 00007000 08:01 8916595                    /lib/x86_64-linux-gnu/libnss_compat-2.15.so
7f55332c8000-7f55332c9000 rw-p 00008000 08:01 8916595                    /lib/x86_64-linux-gnu/libnss_compat-2.15.so
7f55332c9000-7f55339b6000 r--p 00000000 08:01 10883796                   /usr/lib/locale/locale-archive
7f55339b6000-7f55339b9000 r-xp 00000000 08:01 10888974                   /usr/lib/jvm/java-6-openjdk-amd64/jre/lib/amd64/libnpt.so
7f55339b9000-7f5533bb8000 ---p 00003000 08:01 10888974                   /usr/lib/jvm/java-6-openjdk-amd64/jre/lib/amd64/libnpt.so
7f5533bb8000-7f5533bb9000 r--p 00002000 08:01 10888974                   /usr/lib/jvm/java-6-openjdk-amd64/jre/lib/amd64/libnpt.so
7f5533bb9000-7f5533bba000 rw-p 00003000 08:01 10888974                   /usr/lib/jvm/java-6-openjdk-amd64/jre/lib/amd64/libnpt.so
7f5533bba000-7f5533bc3000 r-xp 00000000 08:01 10888965                   /usr/lib/jvm/java-6-openjdk-amd64/jre/lib/amd64/libinstrument.so
7f5533bc3000-7f5533dc3000 ---p 00009000 08:01 10888965                   /usr/lib/jvm/java-6-openjdk-amd64/jre/lib/amd64/libinstrument.so
7f5533dc3000-7f5533dc4000 r--p 00009000 08:01 10888965                   /usr/lib/jvm/java-6-openjdk-amd64/jre/lib/amd64/libinstrument.so
7f5533dc4000-7f5533dc5000 rw-p 0000a000 08:01 10888965                   /usr/lib/jvm/java-6-openjdk-amd64/jre/lib/amd64/libinstrument.so
7f5533dc5000-7f5533dff000 r-xp 00000000 08:01 10888968                   /usr/lib/jvm/java-6-openjdk-amd64/jre/lib/amd64/libjdwp.so
7f5533dff000-7f5533ffe000 ---p 0003a000 08:01 10888968                   /usr/lib/jvm/java-6-openjdk-amd64/jre/lib/amd64/libjdwp.so
7f5533ffe000-7f5533fff000 r--p 00039000 08:01 10888968                   /usr/lib/jvm/java-6-openjdk-amd64/jre/lib/amd64/libjdwp.so
7f5533fff000-7f5534000000 rw-p 0003a000 08:01 10888968                   /usr/lib/jvm/java-6-openjdk-amd64/jre/lib/amd64/libjdwp.so
7f5534000000-7f55344e8000 rw-p 00000000 00:00 0 
7f55344e8000-7f5538000000 ---p 00000000 00:00 0 
7f5538014000-7f553801e000 r--s 0006f000 08:01 786915                     /home/matias/Desarrollo/play/play-1.2.4/framework/lib/ehcache-core-2.0.0.jar
7f553801e000-7f5538020000 r--s 0000d000 08:01 786909                     /home/matias/Desarrollo/play/play-1.2.4/framework/lib/commons-fileupload-1.2.2.jar
7f5538020000-7f5538022000 r--s 0000d000 08:01 786913                     /home/matias/Desarrollo/play/play-1.2.4/framework/lib/commons-logging-1.1.1.jar
7f5538022000-7f5538023000 r--s 00000000 08:01 786932                     /home/matias/Desarrollo/play/play-1.2.4/framework/lib/javax.inject-1.0.jar
7f5538023000-7f5538025000 r--s 0000d000 08:01 786906                     /home/matias/Desarrollo/play/play-1.2.4/framework/lib/commons-codec-1.4.jar
7f5538025000-7f5538029000 r--s 00027000 08:01 786919                     /home/matias/Desarrollo/play/play-1.2.4/framework/lib/gson-1.7.1.jar
7f5538029000-7f553802c000 r--s 00022000 08:01 786930                     /home/matias/Desarrollo/play/play-1.2.4/framework/lib/jamon-2.7.jar
7f553802c000-7f553803b000 r--s 0007c000 08:01 786938                     /home/matias/Desarrollo/play/play-1.2.4/framework/lib/joda-time-2.0.jar
7f553803b000-7f5538044000 r--s 0005d000 08:01 786926                     /home/matias/Desarrollo/play/play-1.2.4/framework/lib/hibernate-entitymanager-3.6.0.Final.jar
7f5538044000-7f55380d0000 rw-p 00000000 00:00 0 
7f55380d0000-7f55380f2000 rw-p 00000000 00:00 0 
7f55380f2000-7f553811e000 r-xp 00000000 08:01 10888962                   /usr/lib/jvm/java-6-openjdk-amd64/jre/lib/amd64/libjava.so
7f553811e000-7f553831d000 ---p 0002c000 08:01 10888962                   /usr/lib/jvm/java-6-openjdk-amd64/jre/lib/amd64/libjava.so
7f553831d000-7f553831e000 r--p 0002b000 08:01 10888962                   /usr/lib/jvm/java-6-openjdk-amd64/jre/lib/amd64/libjava.so
7f553831e000-7f5538321000 rw-p 0002c000 08:01 10888962                   /usr/lib/jvm/java-6-openjdk-amd64/jre/lib/amd64/libjava.so
7f5538321000-7f553832f000 r-xp 00000000 08:01 10888973                   /usr/lib/jvm/java-6-openjdk-amd64/jre/lib/amd64/libverify.so
7f553832f000-7f553852e000 ---p 0000e000 08:01 10888973                   /usr/lib/jvm/java-6-openjdk-amd64/jre/lib/amd64/libverify.so
7f553852e000-7f5538530000 r--p 0000d000 08:01 10888973                   /usr/lib/jvm/java-6-openjdk-amd64/jre/lib/amd64/libverify.so
7f5538530000-7f5538531000 rw-p 0000f000 08:01 10888973                   /usr/lib/jvm/java-6-openjdk-amd64/jre/lib/amd64/libverify.so
7f5538531000-7f5538538000 r-xp 00000000 08:01 8916634                    /lib/x86_64-linux-gnu/librt-2.15.so
7f5538538000-7f5538737000 ---p 00007000 08:01 8916634                    /lib/x86_64-linux-gnu/librt-2.15.so
7f5538737000-7f5538738000 r--p 00006000 08:01 8916634                    /lib/x86_64-linux-gnu/librt-2.15.so
7f5538738000-7f5538739000 rw-p 00007000 08:01 8916634                    /lib/x86_64-linux-gnu/librt-2.15.so
7f5538739000-7f553874e000 r-xp 00000000 08:01 8916569                    /lib/x86_64-linux-gnu/libgcc_s.so.1
7f553874e000-7f553894d000 ---p 00015000 08:01 8916569                    /lib/x86_64-linux-gnu/libgcc_s.so.1
7f553894d000-7f553894e000 r--p 00014000 08:01 8916569                    /lib/x86_64-linux-gnu/libgcc_s.so.1
7f553894e000-7f553894f000 rw-p 00015000 08:01 8916569                    /lib/x86_64-linux-gnu/libgcc_s.so.1
7f553894f000-7f5538a48000 r-xp 00000000 08:01 8916580                    /lib/x86_64-linux-gnu/libm-2.15.so
7f5538a48000-7f5538c47000 ---p 000f9000 08:01 8916580                    /lib/x86_64-linux-gnu/libm-2.15.so
7f5538c47000-7f5538c48000 r--p 000f8000 08:01 8916580                    /lib/x86_64-linux-gnu/libm-2.15.so
7f5538c48000-7f5538c49000 rw-p 000f9000 08:01 8916580                    /lib/x86_64-linux-gnu/libm-2.15.so
7f5538c49000-7f5538d2b000 r-xp 00000000 08:01 10885818                   /usr/lib/x86_64-linux-gnu/libstdc++.so.6.0.16
7f5538d2b000-7f5538f2a000 ---p 000e2000 08:01 10885818                   /usr/lib/x86_64-linux-gnu/libstdc++.so.6.0.16
7f5538f2a000-7f5538f32000 r--p 000e1000 08:01 10885818                   /usr/lib/x86_64-linux-gnu/libstdc++.so.6.0.16
7f5538f32000-7f5538f34000 rw-p 000e9000 08:01 10885818                   /usr/lib/x86_64-linux-gnu/libstdc++.so.6.0.16
7f5538f34000-7f5538f49000 rw-p 00000000 00:00 0 
7f5538f49000-7f553984d000 r-xp 00000000 08:01 10888958                   /usr/lib/jvm/java-6-openjdk-amd64/jre/lib/amd64/server/libjvm.so
7f553984d000-7f5539a4d000 ---p 00904000 08:01 10888958                   /usr/lib/jvm/java-6-openjdk-amd64/jre/lib/amd64/server/libjvm.so
7f5539a4d000-7f5539acd000 r--p 00904000 08:01 10888958                   /usr/lib/jvm/java-6-openjdk-amd64/jre/lib/amd64/server/libjvm.so
7f5539acd000-7f5539ae8000 rw-p 00984000 08:01 10888958                   /usr/lib/jvm/java-6-openjdk-amd64/jre/lib/amd64/server/libjvm.so
7f5539ae8000-7f5539b11000 rw-p 00000000 00:00 0 
7f5539b11000-7f5539b27000 r-xp 00000000 08:01 8916659                    /lib/x86_64-linux-gnu/libz.so.1.2.3.4
7f5539b27000-7f5539d26000 ---p 00016000 08:01 8916659                    /lib/x86_64-linux-gnu/libz.so.1.2.3.4
7f5539d26000-7f5539d27000 r--p 00015000 08:01 8916659                    /lib/x86_64-linux-gnu/libz.so.1.2.3.4
7f5539d27000-7f5539d28000 rw-p 00016000 08:01 8916659                    /lib/x86_64-linux-gnu/libz.so.1.2.3.4
7f5539d28000-7f5539edb000 r-xp 00000000 08:01 8916548                    /lib/x86_64-linux-gnu/libc-2.15.so
7f5539edb000-7f553a0da000 ---p 001b3000 08:01 8916548                    /lib/x86_64-linux-gnu/libc-2.15.so
7f553a0da000-7f553a0de000 r--p 001b2000 08:01 8916548                    /lib/x86_64-linux-gnu/libc-2.15.so
7f553a0de000-7f553a0e0000 rw-p 001b6000 08:01 8916548                    /lib/x86_64-linux-gnu/libc-2.15.so
7f553a0e0000-7f553a0e5000 rw-p 00000000 00:00 0 
7f553a0e5000-7f553a0e7000 r-xp 00000000 08:01 8916561                    /lib/x86_64-linux-gnu/libdl-2.15.so
7f553a0e7000-7f553a2e7000 ---p 00002000 08:01 8916561                    /lib/x86_64-linux-gnu/libdl-2.15.so
7f553a2e7000-7f553a2e8000 r--p 00002000 08:01 8916561                    /lib/x86_64-linux-gnu/libdl-2.15.so
7f553a2e8000-7f553a2e9000 rw-p 00003000 08:01 8916561                    /lib/x86_64-linux-gnu/libdl-2.15.so
7f553a2e9000-7f553a2ed000 r-xp 00000000 08:01 10888964                   /usr/lib/jvm/java-6-openjdk-amd64/jre/lib/amd64/jli/libjli.so
7f553a2ed000-7f553a4ec000 ---p 00004000 08:01 10888964                   /usr/lib/jvm/java-6-openjdk-amd64/jre/lib/amd64/jli/libjli.so
7f553a4ec000-7f553a4ed000 r--p 00003000 08:01 10888964                   /usr/lib/jvm/java-6-openjdk-amd64/jre/lib/amd64/jli/libjli.so
7f553a4ed000-7f553a4ee000 rw-p 00004000 08:01 10888964                   /usr/lib/jvm/java-6-openjdk-amd64/jre/lib/amd64/jli/libjli.so
7f553a4ee000-7f553a506000 r-xp 00000000 08:01 8916628                    /lib/x86_64-linux-gnu/libpthread-2.15.so
7f553a506000-7f553a705000 ---p 00018000 08:01 8916628                    /lib/x86_64-linux-gnu/libpthread-2.15.so
7f553a705000-7f553a706000 r--p 00017000 08:01 8916628                    /lib/x86_64-linux-gnu/libpthread-2.15.so
7f553a706000-7f553a707000 rw-p 00018000 08:01 8916628                    /lib/x86_64-linux-gnu/libpthread-2.15.so
7f553a707000-7f553a70b000 rw-p 00000000 00:00 0 
7f553a70b000-7f553a72d000 r-xp 00000000 08:01 8916528                    /lib/x86_64-linux-gnu/ld-2.15.so
7f553a72e000-7f553a733000 r--s 00020000 08:01 786934                     /home/matias/Desarrollo/play/play-1.2.4/framework/lib/jj-imaging.jar
7f553a733000-7f553a738000 r--s 00048000 08:01 786914                     /home/matias/Desarrollo/play/play-1.2.4/framework/lib/dom4j-1.6.1.jar
7f553a738000-7f553a739000 r--s 00001000 08:01 1049647                    /home/matias/Desarrollo/play/play-1.2.4/modules/testrunner/lib/play-testrunner.jar
7f553a739000-7f553a73c000 r--s 00010000 08:01 19009032                   /home/matias/Desarrollo/index/lib/flexjson-2.0.jar
7f553a73c000-7f553a73d000 rw-p 00000000 00:00 0 
7f553a73d000-7f553a740000 r--s 0007d000 08:01 10888912                   /usr/lib/jvm/java-6-openjdk-common/jre/lib/jsse.jar
7f553a740000-7f553a74c000 r--s 000c2000 08:01 786961                     /home/matias/Desarrollo/play/play-1.2.4/framework/play-1.2.4.jar
7f553a74c000-7f553a74d000 r--s 00007000 08:01 11148865                   /usr/share/java/java-atk-wrapper.jar
7f553a74d000-7f553a74f000 r--s 0000f000 08:01 10888895                   /usr/lib/jvm/java-6-openjdk-common/jre/lib/ext/pulse-java.jar
7f553a74f000-7f553a770000 rw-p 00000000 00:00 0 
7f553a770000-7f553a80f000 rw-p 00000000 00:00 0 
7f553a80f000-7f553a812000 ---p 00000000 00:00 0 
7f553a812000-7f553a915000 rw-p 00000000 00:00 0 
7f553a915000-7f553a919000 r--s 00038000 08:01 10888898                   /usr/lib/jvm/java-6-openjdk-common/jre/lib/ext/sunpkcs11.jar
7f553a919000-7f553a91b000 r--s 00001000 08:01 10888899                   /usr/lib/jvm/java-6-openjdk-common/jre/lib/ext/dnsns.jar
7f553a91b000-7f553a91e000 r--s 00077000 08:01 10888897                   /usr/lib/jvm/java-6-openjdk-common/jre/lib/ext/localedata.jar
7f553a91e000-7f553a921000 r--s 00031000 08:01 10888896                   /usr/lib/jvm/java-6-openjdk-common/jre/lib/ext/sunjce_provider.jar
7f553a921000-7f553a929000 rw-s 00000000 08:01 8388706                    /tmp/hsperfdata_matias/15145
7f553a929000-7f553a92a000 rw-p 00000000 00:00 0 
7f553a92a000-7f553a92b000 r--p 00000000 00:00 0 
7f553a92b000-7f553a92d000 rw-p 00000000 00:00 0 
7f553a92d000-7f553a92e000 r--p 00022000 08:01 8916528                    /lib/x86_64-linux-gnu/ld-2.15.so
7f553a92e000-7f553a930000 rw-p 00023000 08:01 8916528                    /lib/x86_64-linux-gnu/ld-2.15.so
7fff469e1000-7fff46a03000 rw-p 00000000 00:00 0                          [stack]
7fff46bda000-7fff46bdb000 r-xp 00000000 00:00 0                          [vdso]
ffffffffff600000-ffffffffff601000 r-xp 00000000 00:00 0                  [vsyscall]

VM Arguments:
jvm_args: -javaagent:/home/matias/Desarrollo/play/play-1.2.4/framework/play-1.2.4.jar -XX:-UseSplitVerifier -Dfile.encoding=utf-8 -Xdebug -Xrunjdwp:transport=dt_socket,address=8000,server=y,suspend=n -Dplay.debug=yes -Dapplication.path=/home/matias/Desarrollo/index -Dplay.id=test 
java_command: play.server.Server 
Launcher Type: SUN_STANDARD

Environment Variables:
PATH=/usr/lib/lightdm/lightdm:/usr/local/sbin:/usr/local/bin:/usr/sbin:/usr/bin:/sbin:/bin:/usr/games:/home/matias/jdk1.6.0_33/bin:/home/matias/Desarrollo/grails/grails-1.3.7/bin:/home/matias/Desarrollo/maven/apache-maven-2.2.1/bin:/home/matias/Desarrollo/play/play-1.2.4
LD_LIBRARY_PATH=/usr/lib/jvm/java-6-openjdk-amd64/jre/lib/amd64/server:/usr/lib/jvm/java-6-openjdk-amd64/jre/lib/amd64:/usr/lib/jvm/java-6-openjdk-amd64/jre/../lib/amd64
SHELL=/bin/bash
DISPLAY=:0.0

Signal Handlers:
SIGSEGV: [libjvm.so+0x784310], sa_mask[0]=0x7ffbfeff, sa_flags=0x10000004
SIGBUS: [libjvm.so+0x784310], sa_mask[0]=0x7ffbfeff, sa_flags=0x10000004
SIGFPE: [libjvm.so+0x648580], sa_mask[0]=0x7ffbfeff, sa_flags=0x10000004
SIGPIPE: [libjvm.so+0x648580], sa_mask[0]=0x7ffbfeff, sa_flags=0x10000004
SIGXFSZ: [libjvm.so+0x648580], sa_mask[0]=0x7ffbfeff, sa_flags=0x10000004
SIGILL: [libjvm.so+0x648580], sa_mask[0]=0x7ffbfeff, sa_flags=0x10000004
SIGUSR1: SIG_DFL, sa_mask[0]=0x00000000, sa_flags=0x00000000
SIGUSR2: [libjvm.so+0x648730], sa_mask[0]=0x00000004, sa_flags=0x10000004
SIGHUP: [libjvm.so+0x64b250], sa_mask[0]=0x7ffbfeff, sa_flags=0x10000004
SIGINT: [libjvm.so+0x64b250], sa_mask[0]=0x7ffbfeff, sa_flags=0x10000004
SIGTERM: [libjvm.so+0x64b250], sa_mask[0]=0x7ffbfeff, sa_flags=0x10000004
SIGQUIT: [libjvm.so+0x64b250], sa_mask[0]=0x7ffbfeff, sa_flags=0x10000004


---------------  S Y S T E M  ---------------

OS:Ubuntu 12.04 (precise)
uname:Linux 3.2.0-29-generic #46-Ubuntu SMP Fri Jul 27 17:03:23 UTC 2012 x86_64
libc:glibc 2.15 NPTL 2.15 
rlimit: STACK 8192k, CORE 0k, NPROC 28968, NOFILE 4096, AS infinity
load average:0,24 0,39 0,55

/proc/meminfo:
MemTotal:        3791576 kB
MemFree:          261896 kB
Buffers:           19564 kB
Cached:           260280 kB
SwapCached:        75188 kB
Active:          2521572 kB
Inactive:         751992 kB
Active(anon):    2404232 kB
Inactive(anon):   597916 kB
Active(file):     117340 kB
Inactive(file):   154076 kB
Unevictable:          16 kB
Mlocked:              16 kB
SwapTotal:       3930108 kB
SwapFree:        3069996 kB
Dirty:               492 kB
Writeback:             0 kB
AnonPages:       2944756 kB
Mapped:            93000 kB
Shmem:              8444 kB
Slab:              74436 kB
SReclaimable:      40268 kB
SUnreclaim:        34168 kB
KernelStack:        4712 kB
PageTables:        57960 kB
NFS_Unstable:          0 kB
Bounce:                0 kB
WritebackTmp:          0 kB
CommitLimit:     5825896 kB
Committed_AS:    7110936 kB
VmallocTotal:   34359738367 kB
VmallocUsed:      303448 kB
VmallocChunk:   34359432116 kB
HardwareCorrupted:     0 kB
AnonHugePages:         0 kB
HugePages_Total:       0
HugePages_Free:        0
HugePages_Rsvd:        0
HugePages_Surp:        0
Hugepagesize:       2048 kB
DirectMap4k:      110080 kB
DirectMap2M:     2772992 kB
DirectMap1G:     1048576 kB


CPU:total 4 (4 cores per cpu, 1 threads per core) family 16 model 4 stepping 2, cmov, cx8, fxsr, mmx, sse, sse2, sse3, popcnt, mmxext, 3dnowpref, lzcnt, sse4a

Memory: 4k page, physical 3791576k(261896k free), swap 3930108k(3069996k free)

vm_info: OpenJDK 64-Bit Server VM (20.0-b12) for linux-amd64 JRE (1.6.0_24-b24), built on Jun 27 2012 02:37:21 by "buildd" with gcc 4.6.3

time: Sat Aug 25 23:33:10 2012
elapsed time: 12809 seconds

