#
# A fatal error has been detected by the Java Runtime Environment:
#
#  SIGSEGV (0xb) at pc=0x00007f449e7d0a2e, pid=13026, tid=139932437776128
#
# JRE version: 6.0_24-b24
# Java VM: OpenJDK 64-Bit Server VM (20.0-b12 mixed mode linux-amd64 compressed oops)
# Derivative: IcedTea6 1.11.3
# Distribution: Ubuntu 12.04 LTS, package 6b24-1.11.3-1ubuntu0.12.04.1
# Problematic frame:
# V  [libjvm.so+0x5bca2e]  PhaseIdealLoop::build_loop_late_post(Node*)+0x14e
#
# If you would like to submit a bug report, please include
# instructions how to reproduce the bug and visit:
#   https://bugs.launchpad.net/ubuntu/+source/openjdk-6/
#

---------------  T H R E A D  ---------------

Current thread (0x00007f44980dd000):  JavaThread "C2 CompilerThread1" daemon [_thread_in_native, id=13039, stack(0x00007f448f2f0000,0x00007f448f3f1000)]

siginfo:si_signo=SIGSEGV: si_errno=0, si_code=1 (SEGV_MAPERR), si_addr=0x0000000000000008

Registers:
RAX=0x0000000000000000, RBX=0x00007f448f3edad0, RCX=0x00007f44580dbc10, RDX=0x0000000000002000
RSP=0x00007f448f3ec310, RBP=0x00007f448f3ec350, RSI=0x00007f445a508d60, RDI=0x0000000000000000
R8 =0x00007f4458b6a9a0, R9 =0x00007f448f3edad0, R10=0x00007f445a508d60, R11=0x0000000000000000
R12=0x00007f44642cd760, R13=0x00007f44642e7908, R14=0x00007f448f3edaf0, R15=0x00007f445862a8c8
RIP=0x00007f449e7d0a2e, EFLAGS=0x0000000000010287, CSGSFS=0x0000000000000033, ERR=0x0000000000000004
  TRAPNO=0x000000000000000e

Top of Stack: (sp=0x00007f448f3ec310)
0x00007f448f3ec310:   00007f446401a2d8 00007f448f3ec5f0
0x00007f448f3ec320:   00007f448f3ec350 00007f448f3edad0
0x00007f448f3ec330:   0000000000000002 00007f44642cd760
0x00007f448f3ec340:   00007f4458b99908 00007f448f3ec5f0
0x00007f448f3ec350:   00007f448f3ec3c0 00007f449e7d0f9b
0x00007f448f3ec360:   00007f4465a786c0 00007f4400000100
0x00007f448f3ec370:   00007f4400000001 00007f448f3ee470
0x00007f448f3ec380:   00007f448f3ec610 00007f448f3ec5b0
0x00007f448f3ec390:   0000000000001804 00007f448f3edad0
0x00007f448f3ec3a0:   0000000000000007 0000000000000001
0x00007f448f3ec3b0:   0000000000000001 00007f4465a786c0
0x00007f448f3ec3c0:   00007f448f3ec660 00007f449e7d1b62
0x00007f448f3ec3d0:   00007f4464bdc8d0 00007f4465a78650
0x00007f448f3ec3e0:   00007f448f3ec3f0 00007f448f3edaf0
0x00007f448f3ec3f0:   00007f448f3ec450 00007f449e60390e
0x00007f448f3ec400:   00007f446437e440 00007f44640e7c90
0x00007f448f3ec410:   0000000000000000 0000000000000038
0x00007f448f3ec420:   00007f446437e440 00007f448f3ef1f0
0x00007f448f3ec430:   00007f449edbaf2a 00007f449edd6ad8
0x00007f448f3ec440:   00007f448f3ed078 00007f448f3ed098
0x00007f448f3ec450:   00007f448f3ec480 00007f449e8447b4
0x00007f448f3ec460:   00007f4458b94710 00007f448f3ec550
0x00007f448f3ec470:   00007f448f3ec480 00007f449e520382
0x00007f448f3ec480:   00007f448f3ec4e0 00007f449e684f25
0x00007f448f3ec490:   00007f44588c6a10 00007f4464331410
0x00007f448f3ec4a0:   0000000000000010 0000000000000080
0x00007f448f3ec4b0:   0000000000000002 0000000000010040
0x00007f448f3ec4c0:   0000000000000000 0000043000001002
0x00007f448f3ec4d0:   0000007e000000db 0000007c00000079
0x00007f448f3ec4e0:   00007f448f3ec5d0 00007f4458000020
0x00007f448f3ec4f0:   0000000000010010 0000000000010010
0x00007f448f3ec500:   00007f445813ee00 0000000000010000 

Instructions: (pc=0x00007f449e7d0a2e)
0x00007f449e7d0a0e:   4c 39 e8 0f 84 ad 03 00 00 8b 70 28 49 89 c7 0f
0x00007f449e7d0a1e:   1f 00 4c 8b 93 e0 09 00 00 49 8d 34 f2 48 8b 06
0x00007f449e7d0a2e:   48 8b 50 08 48 83 3a 00 75 27 8b 4b 28 0f 1f 44
0x00007f449e7d0a3e:   00 00 8b 50 28 31 c0 39 ca 73 0c 48 8b 43 30 48 

Register to memory mapping:

RAX=0x0000000000000000 is an unknown value
RBX=0x00007f448f3edad0 is pointing into the stack for thread: 0x00007f44980dd000
RCX=0x00007f44580dbc10 is an unknown value
RDX=0x0000000000002000 is an unknown value
RSP=0x00007f448f3ec310 is pointing into the stack for thread: 0x00007f44980dd000
RBP=0x00007f448f3ec350 is pointing into the stack for thread: 0x00007f44980dd000
RSI=0x00007f445a508d60 is an unknown value
RDI=0x0000000000000000 is an unknown value
R8 =0x00007f4458b6a9a0 is an unknown value
R9 =0x00007f448f3edad0 is pointing into the stack for thread: 0x00007f44980dd000
R10=0x00007f445a508d60 is an unknown value
R11=0x0000000000000000 is an unknown value
R12=0x00007f44642cd760 is an unknown value
R13=0x00007f44642e7908 is an unknown value
R14=0x00007f448f3edaf0 is pointing into the stack for thread: 0x00007f44980dd000
R15=0x00007f445862a8c8 is an unknown value


Stack: [0x00007f448f2f0000,0x00007f448f3f1000],  sp=0x00007f448f3ec310,  free space=1008k
Native frames: (J=compiled Java code, j=interpreted, Vv=VM code, C=native code)
V  [libjvm.so+0x5bca2e]  PhaseIdealLoop::build_loop_late_post(Node*)+0x14e
V  [libjvm.so+0x5bcf9b]  PhaseIdealLoop::build_loop_late(VectorSet&, Node_List&, Node_Stack&)+0x10b
V  [libjvm.so+0x5bdb62]  PhaseIdealLoop::build_and_optimize(bool, bool)+0x692
V  [libjvm.so+0x37bcda]  Compile::Optimize()+0xd2a
V  [libjvm.so+0x37ca43]  Compile::Compile(ciEnv*, C2Compiler*, ciMethod*, int, bool, bool)+0xad3
V  [libjvm.so+0x306250]  C2Compiler::compile_method(ciEnv*, ciMethod*, int)+0xe0
V  [libjvm.so+0x381133]  CompileBroker::invoke_compiler_on_method(CompileTask*)+0x2a3
V  [libjvm.so+0x381a7b]  CompileBroker::compiler_thread_loop()+0x45b
V  [libjvm.so+0x74c0d8]  JavaThread::thread_main_inner()+0x58
V  [libjvm.so+0x64bbf2]  java_start(Thread*)+0x112


Current CompileTask:
C2:1568499 1641      jregex.Pretokenizer.next()V (1064 bytes)


---------------  P R O C E S S  ---------------

Java Threads: ( => current thread )
  0x00007f4440212000 JavaThread "net.sf.ehcache.CacheManager@75ee8404" daemon [_thread_blocked, id=13341, stack(0x00007f448e680000,0x00007f448e781000)]
  0x00007f446c001000 JavaThread "JDWP Transport Listener: dt_socket" daemon [_thread_in_native, id=13304, stack(0x00007f448e983000,0x00007f448ea84000)]
  0x00007f4454009800 JavaThread "New I/O server worker #1-2" [_thread_in_native, id=13158, stack(0x00007f448e882000,0x00007f448e983000)]
  0x00007f4428004800 JavaThread "File Reaper" daemon [_thread_blocked, id=13059, stack(0x00007f448ddad000,0x00007f448deae000)]
  0x00007f4440738000 JavaThread "pool-5-thread-1" [_thread_blocked, id=13058, stack(0x00007f448deae000,0x00007f448dfaf000)]
  0x00007f4440492000 JavaThread "com.mchange.v2.async.ThreadPoolAsynchronousRunner$PoolThread-#2" daemon [_thread_blocked, id=13056, stack(0x00007f448dfaf000,0x00007f448e0b0000)]
  0x00007f4440534800 JavaThread "com.mchange.v2.async.ThreadPoolAsynchronousRunner$PoolThread-#1" daemon [_thread_blocked, id=13055, stack(0x00007f448e37d000,0x00007f448e47e000)]
  0x00007f444044d800 JavaThread "com.mchange.v2.async.ThreadPoolAsynchronousRunner$PoolThread-#0" daemon [_thread_blocked, id=13054, stack(0x00007f448e47e000,0x00007f448e57f000)]
  0x00007f4440259000 JavaThread "Timer-0" daemon [_thread_blocked, id=13053, stack(0x00007f448e57f000,0x00007f448e680000)]
  0x00007f444c019000 JavaThread "play-thread-1" [_thread_in_Java, id=13051, stack(0x00007f448e781000,0x00007f448e882000)]
  0x00007f449800e000 JavaThread "DestroyJavaVM" [_thread_blocked, id=13027, stack(0x00007f449fada000,0x00007f449fbdb000)]
  0x00007f44983c6000 JavaThread "New I/O server boss #1 ([id: 0x6179d854, /0:0:0:0:0:0:0:0:9009])" [_thread_in_native, id=13043, stack(0x00007f448ea84000,0x00007f448eb85000)]
  0x00007f44980df800 JavaThread "Low Memory Detector" daemon [_thread_blocked, id=13040, stack(0x00007f448f1ef000,0x00007f448f2f0000)]
=>0x00007f44980dd000 JavaThread "C2 CompilerThread1" daemon [_thread_in_native, id=13039, stack(0x00007f448f2f0000,0x00007f448f3f1000)]
  0x00007f44980da800 JavaThread "C2 CompilerThread0" daemon [_thread_in_native, id=13038, stack(0x00007f448f3f1000,0x00007f448f4f2000)]
  0x00007f44980d8000 JavaThread "JDWP Event Helper Thread" daemon [_thread_blocked, id=13037, stack(0x00007f448f4f2000,0x00007f448f5f3000)]
  0x00007f449808f800 JavaThread "Signal Dispatcher" daemon [_thread_blocked, id=13035, stack(0x00007f448f8f9000,0x00007f448f9fa000)]
  0x00007f449807e800 JavaThread "Finalizer" daemon [_thread_blocked, id=13034, stack(0x00007f448f9fa000,0x00007f448fafb000)]
  0x00007f449807c800 JavaThread "Reference Handler" daemon [_thread_blocked, id=13033, stack(0x00007f448fafb000,0x00007f448fbfc000)]

Other Threads:
  0x00007f4498075800 VMThread [stack: 0x00007f448fbfc000,0x00007f448fcfd000] [id=13032]
  0x00007f44980e2800 WatcherThread [stack: 0x00007f448f0ee000,0x00007f448f1ef000] [id=13041]

VM state:not at safepoint (normal execution)

VM Mutex/Monitor currently owned by a thread: None

Heap
 PSYoungGen      total 139456K, used 24906K [0x00000000ecb60000, 0x00000000f8bf0000, 0x0000000100000000)
  eden space 138944K, 17% used [0x00000000ecb60000,0x00000000ee337ca0,0x00000000f5310000)
  from space 512K, 96% used [0x00000000f8b70000,0x00000000f8beaf50,0x00000000f8bf0000)
  to   space 2048K, 0% used [0x00000000f87f0000,0x00000000f87f0000,0x00000000f89f0000)
 PSOldGen        total 28672K, used 15078K [0x00000000c6200000, 0x00000000c7e00000, 0x00000000ecb60000)
  object space 28672K, 52% used [0x00000000c6200000,0x00000000c70b9bf8,0x00000000c7e00000)
 PSPermGen       total 96256K, used 49204K [0x00000000bbc00000, 0x00000000c1a00000, 0x00000000c6200000)
  object space 96256K, 51% used [0x00000000bbc00000,0x00000000bec0d0f8,0x00000000c1a00000)

Code Cache  [0x00007f4494beb000, 0x00007f449537b000, 0x00007f4497beb000)
 total_blobs=2203 nmethods=1557 adapters=607 free_code_cache=42532160 largest_free_block=16448

Dynamic libraries:
00400000-00409000 r-xp 00000000 08:01 11021052                           /usr/lib/jvm/java-6-openjdk-amd64/jre/bin/java
00608000-00609000 r--p 00008000 08:01 11021052                           /usr/lib/jvm/java-6-openjdk-amd64/jre/bin/java
00609000-0060a000 rw-p 00009000 08:01 11021052                           /usr/lib/jvm/java-6-openjdk-amd64/jre/bin/java
00a04000-00a25000 rw-p 00000000 00:00 0                                  [heap]
bbc00000-c1a00000 rw-p 00000000 00:00 0 
c1a00000-c6200000 rw-p 00000000 00:00 0 
c6200000-c7e00000 rw-p 00000000 00:00 0 
c7e00000-c88a0000 ---p 00000000 00:00 0 
c88a0000-ecb60000 rw-p 00000000 00:00 0 
ecb60000-f8bf0000 rw-p 00000000 00:00 0 
f8bf0000-f9450000 ---p 00000000 00:00 0 
f9450000-100000000 rw-p 00000000 00:00 0 
7f4428000000-7f442814f000 rw-p 00000000 00:00 0 
7f442814f000-7f442c000000 ---p 00000000 00:00 0 
7f442c000000-7f442c021000 rw-p 00000000 00:00 0 
7f442c021000-7f4430000000 ---p 00000000 00:00 0 
7f4430000000-7f443009a000 rw-p 00000000 00:00 0 
7f443009a000-7f4434000000 ---p 00000000 00:00 0 
7f4434000000-7f4434021000 rw-p 00000000 00:00 0 
7f4434021000-7f4438000000 ---p 00000000 00:00 0 
7f4438000000-7f4438021000 rw-p 00000000 00:00 0 
7f4438021000-7f443c000000 ---p 00000000 00:00 0 
7f443c000000-7f443c07d000 rw-p 00000000 00:00 0 
7f443c07d000-7f4440000000 ---p 00000000 00:00 0 
7f4440000000-7f44410eb000 rw-p 00000000 00:00 0 
7f44410eb000-7f4444000000 ---p 00000000 00:00 0 
7f4444000000-7f4444021000 rw-p 00000000 00:00 0 
7f4444021000-7f4448000000 ---p 00000000 00:00 0 
7f4448000000-7f4448145000 rw-p 00000000 00:00 0 
7f4448145000-7f444c000000 ---p 00000000 00:00 0 
7f444c000000-7f444c039000 rw-p 00000000 00:00 0 
7f444c039000-7f4450000000 ---p 00000000 00:00 0 
7f4450000000-7f4450021000 rw-p 00000000 00:00 0 
7f4450021000-7f4454000000 ---p 00000000 00:00 0 
7f4454000000-7f44540a4000 rw-p 00000000 00:00 0 
7f44540a4000-7f4458000000 ---p 00000000 00:00 0 
7f4458000000-7f445b689000 rw-p 00000000 00:00 0 
7f445b689000-7f445c000000 ---p 00000000 00:00 0 
7f445c000000-7f445c021000 rw-p 00000000 00:00 0 
7f445c021000-7f4460000000 ---p 00000000 00:00 0 
7f4460000000-7f4460021000 rw-p 00000000 00:00 0 
7f4460021000-7f4464000000 ---p 00000000 00:00 0 
7f4464000000-7f44669a2000 rw-p 00000000 00:00 0 
7f44669a2000-7f4468000000 ---p 00000000 00:00 0 
7f4468000000-7f4468021000 rw-p 00000000 00:00 0 
7f4468021000-7f446c000000 ---p 00000000 00:00 0 
7f446c000000-7f446c149000 rw-p 00000000 00:00 0 
7f446c149000-7f4470000000 ---p 00000000 00:00 0 
7f4470000000-7f4470021000 rw-p 00000000 00:00 0 
7f4470021000-7f4474000000 ---p 00000000 00:00 0 
7f4474000000-7f4474021000 rw-p 00000000 00:00 0 
7f4474021000-7f4478000000 ---p 00000000 00:00 0 
7f4478000000-7f4478031000 rw-p 00000000 00:00 0 
7f4478031000-7f447c000000 ---p 00000000 00:00 0 
7f447c000000-7f447c0ff000 rw-p 00000000 00:00 0 
7f447c0ff000-7f4480000000 ---p 00000000 00:00 0 
7f4480000000-7f448002a000 rw-p 00000000 00:00 0 
7f448002a000-7f4484000000 ---p 00000000 00:00 0 
7f4488000000-7f4488021000 rw-p 00000000 00:00 0 
7f4488021000-7f448c000000 ---p 00000000 00:00 0 
7f448ddad000-7f448ddb0000 ---p 00000000 00:00 0 
7f448ddb0000-7f448deae000 rw-p 00000000 00:00 0 
7f448deae000-7f448deb1000 ---p 00000000 00:00 0 
7f448deb1000-7f448dfaf000 rw-p 00000000 00:00 0 
7f448dfaf000-7f448dfb2000 ---p 00000000 00:00 0 
7f448dfb2000-7f448e0b0000 rw-p 00000000 00:00 0 
7f448e0b0000-7f448e0b6000 r-xp 00000000 08:01 10888985                   /usr/lib/jvm/java-6-openjdk-amd64/jre/lib/amd64/libmanagement.so
7f448e0b6000-7f448e2b5000 ---p 00006000 08:01 10888985                   /usr/lib/jvm/java-6-openjdk-amd64/jre/lib/amd64/libmanagement.so
7f448e2b5000-7f448e2b6000 r--p 00005000 08:01 10888985                   /usr/lib/jvm/java-6-openjdk-amd64/jre/lib/amd64/libmanagement.so
7f448e2b6000-7f448e2b7000 rw-p 00006000 08:01 10888985                   /usr/lib/jvm/java-6-openjdk-amd64/jre/lib/amd64/libmanagement.so
7f448e37d000-7f448e380000 ---p 00000000 00:00 0 
7f448e380000-7f448e47e000 rw-p 00000000 00:00 0 
7f448e47e000-7f448e481000 ---p 00000000 00:00 0 
7f448e481000-7f448e57f000 rw-p 00000000 00:00 0 
7f448e57f000-7f448e582000 ---p 00000000 00:00 0 
7f448e582000-7f448e680000 rw-p 00000000 00:00 0 
7f448e680000-7f448e683000 ---p 00000000 00:00 0 
7f448e683000-7f448e781000 rw-p 00000000 00:00 0 
7f448e781000-7f448e784000 ---p 00000000 00:00 0 
7f448e784000-7f448e882000 rw-p 00000000 00:00 0 
7f448e882000-7f448e885000 ---p 00000000 00:00 0 
7f448e885000-7f448e983000 rw-p 00000000 00:00 0 
7f448e983000-7f448e986000 ---p 00000000 00:00 0 
7f448e986000-7f448ea84000 rw-p 00000000 00:00 0 
7f448ea84000-7f448ea87000 ---p 00000000 00:00 0 
7f448ea87000-7f448eb85000 rw-p 00000000 00:00 0 
7f448eb85000-7f448eb8d000 r-xp 00000000 08:01 10888970                   /usr/lib/jvm/java-6-openjdk-amd64/jre/lib/amd64/libnio.so
7f448eb8d000-7f448ed8c000 ---p 00008000 08:01 10888970                   /usr/lib/jvm/java-6-openjdk-amd64/jre/lib/amd64/libnio.so
7f448ed8c000-7f448ed8d000 r--p 00007000 08:01 10888970                   /usr/lib/jvm/java-6-openjdk-amd64/jre/lib/amd64/libnio.so
7f448ed8d000-7f448ed8e000 rw-p 00008000 08:01 10888970                   /usr/lib/jvm/java-6-openjdk-amd64/jre/lib/amd64/libnio.so
7f448ed8e000-7f448eda3000 r-xp 00000000 08:01 10888971                   /usr/lib/jvm/java-6-openjdk-amd64/jre/lib/amd64/libnet.so
7f448eda3000-7f448efa2000 ---p 00015000 08:01 10888971                   /usr/lib/jvm/java-6-openjdk-amd64/jre/lib/amd64/libnet.so
7f448efa2000-7f448efa3000 r--p 00014000 08:01 10888971                   /usr/lib/jvm/java-6-openjdk-amd64/jre/lib/amd64/libnet.so
7f448efa3000-7f448efa4000 rw-p 00015000 08:01 10888971                   /usr/lib/jvm/java-6-openjdk-amd64/jre/lib/amd64/libnet.so
7f448efa4000-7f448efab000 r--s 000fb000 08:01 10888901                   /usr/lib/jvm/java-6-openjdk-common/jre/lib/resources.jar
7f448efab000-7f448efbb000 r--s 000b2000 08:01 786948                     /home/matias/Desarrollo/play/play-1.2.4/framework/lib/netty-3.2.5.Final.jar
7f448efbb000-7f448efe0000 r--s 00172000 08:01 786902                     /home/matias/Desarrollo/play/play-1.2.4/framework/lib/bcprov-jdk15-1.45.jar
7f448efe0000-7f448efeb000 r--s 00124000 08:01 786920                     /home/matias/Desarrollo/play/play-1.2.4/framework/lib/h2-1.3.149.jar
7f448efeb000-7f448efed000 r--s 00001000 08:01 786940                     /home/matias/Desarrollo/play/play-1.2.4/framework/lib/jsr107cache-1.0.jar
7f448efed000-7f448eff3000 r--s 0007e000 08:01 786951                     /home/matias/Desarrollo/play/play-1.2.4/framework/lib/postgresql-9.0.jar
7f448eff3000-7f448effa000 r--s 00049000 08:01 786950                     /home/matias/Desarrollo/play/play-1.2.4/framework/lib/oval-1.50.jar
7f448effa000-7f448effc000 r--s 0000e000 08:01 786911                     /home/matias/Desarrollo/play/play-1.2.4/framework/lib/commons-javaflow-1066591.jar
7f448effc000-7f448f007000 r--s 0005a000 08:01 786956                     /home/matias/Desarrollo/play/play-1.2.4/framework/lib/xstream-1.3.jar
7f448f007000-7f448f008000 r--s 00002000 08:01 786954                     /home/matias/Desarrollo/play/play-1.2.4/framework/lib/slf4j-log4j12-1.6.1.jar
7f448f008000-7f448f00a000 r--s 00002000 08:01 786941                     /home/matias/Desarrollo/play/play-1.2.4/framework/lib/jta-1.1.jar
7f448f00a000-7f448f00c000 r--s 00015000 08:01 786939                     /home/matias/Desarrollo/play/play-1.2.4/framework/lib/jregex-1.2_01.jar
7f448f00c000-7f448f012000 r--s 00038000 08:01 786955                     /home/matias/Desarrollo/play/play-1.2.4/framework/lib/snakeyaml-1.7.jar
7f448f012000-7f448f017000 r--s 00034000 08:01 786905                     /home/matias/Desarrollo/play/play-1.2.4/framework/lib/commons-beanutils-1.8.3.jar
7f448f017000-7f448f01a000 r--s 00024000 08:01 786910                     /home/matias/Desarrollo/play/play-1.2.4/framework/lib/commons-io-2.0.1.jar
7f448f01a000-7f448f01c000 r--s 0000b000 08:01 786936                     /home/matias/Desarrollo/play/play-1.2.4/framework/lib/jj-textile.jar
7f448f01c000-7f448f023000 r--s 0006a000 08:01 786945                     /home/matias/Desarrollo/play/play-1.2.4/framework/lib/mail-1.4.3.jar
7f448f023000-7f448f032000 r--s 000d9000 08:01 786929                     /home/matias/Desarrollo/play/play-1.2.4/framework/lib/ivy-2.2.0.jar
7f448f032000-7f448f035000 r--s 0000f000 08:01 786922                     /home/matias/Desarrollo/play/play-1.2.4/framework/lib/hibernate-commons-annotations-3.2.0.Final.jar
7f448f035000-7f448f043000 r--s 0007f000 08:01 786907                     /home/matias/Desarrollo/play/play-1.2.4/framework/lib/commons-collections-3.2.1.jar
7f448f043000-7f448f04e000 r--s 0008b000 08:01 786903                     /home/matias/Desarrollo/play/play-1.2.4/framework/lib/c3p0-0.9.1.2.jar
7f448f04e000-7f448f050000 r--s 00005000 08:01 786953                     /home/matias/Desarrollo/play/play-1.2.4/framework/lib/slf4j-api-1.6.1.jar
7f448f050000-7f448f052000 r--s 00015000 08:01 786935                     /home/matias/Desarrollo/play/play-1.2.4/framework/lib/jj-simplecaptcha.jar
7f448f052000-7f448f084000 r--s 002c7000 08:01 786924                     /home/matias/Desarrollo/play/play-1.2.4/framework/lib/hibernate-core-3.6.1.Final.jar
7f448f084000-7f448f089000 r--s 0002e000 08:01 786900                     /home/matias/Desarrollo/play/play-1.2.4/framework/lib/asm-all-3.3.1.jar
7f448f089000-7f448f08f000 r--s 00034000 08:01 786942                     /home/matias/Desarrollo/play/play-1.2.4/framework/lib/junit-4.8.1.jar
7f448f08f000-7f448f094000 r--s 00041000 08:01 786912                     /home/matias/Desarrollo/play/play-1.2.4/framework/lib/commons-lang-2.6.jar
7f448f094000-7f448f099000 r--s 00014000 08:01 786928                     /home/matias/Desarrollo/play/play-1.2.4/framework/lib/hibernate-jpa-2.0-api-1.0.0.Final.jar
7f448f099000-7f448f0a0000 r--s 000b7000 08:01 786947                     /home/matias/Desarrollo/play/play-1.2.4/framework/lib/mysql-connector-java-5.1.13.jar
7f448f0a0000-7f448f0a9000 r--s 0006d000 08:01 786944                     /home/matias/Desarrollo/play/play-1.2.4/framework/lib/log4j-1.2.16.jar
7f448f0a9000-7f448f0af000 r--s 00067000 08:01 786899                     /home/matias/Desarrollo/play/play-1.2.4/framework/lib/antlr-2.7.6.jar
7f448f0af000-7f448f0b1000 r--s 00008000 08:01 786952                     /home/matias/Desarrollo/play/play-1.2.4/framework/lib/signpost-core-1.2.jar
7f448f0b1000-7f448f0b8000 r--s 00038000 08:01 786937                     /home/matias/Desarrollo/play/play-1.2.4/framework/lib/jj-wikitext.jar
7f448f0b8000-7f448f0bb000 r--s 00011000 08:01 786916                     /home/matias/Desarrollo/play/play-1.2.4/framework/lib/ezmorph-1.0.3.jar
7f448f0bb000-7f448f0bd000 r--s 0000c000 08:01 786898                     /home/matias/Desarrollo/play/play-1.2.4/framework/lib/activation-1.1.1.jar
7f448f0bd000-7f448f0c4000 r--s 0004d000 08:01 786901                     /home/matias/Desarrollo/play/play-1.2.4/framework/lib/async-http-client-1.6.5.jar
7f448f0c4000-7f448f0ee000 r--s 00427000 08:01 786949                     /home/matias/Desarrollo/play/play-1.2.4/framework/lib/org.eclipse.jdt.core-3.8.0.v_C03.jar
7f448f0ee000-7f448f0ef000 ---p 00000000 00:00 0 
7f448f0ef000-7f448f1ef000 rw-p 00000000 00:00 0 
7f448f1ef000-7f448f1f2000 ---p 00000000 00:00 0 
7f448f1f2000-7f448f2f0000 rw-p 00000000 00:00 0 
7f448f2f0000-7f448f2f3000 ---p 00000000 00:00 0 
7f448f2f3000-7f448f3f1000 rw-p 00000000 00:00 0 
7f448f3f1000-7f448f3f4000 ---p 00000000 00:00 0 
7f448f3f4000-7f448f4f2000 rw-p 00000000 00:00 0 
7f448f4f2000-7f448f4f5000 ---p 00000000 00:00 0 
7f448f4f5000-7f448f5f3000 rw-p 00000000 00:00 0 
7f448f5f3000-7f448f5f6000 ---p 00000000 00:00 0 
7f448f5f6000-7f448f6f4000 rw-p 00000000 00:00 0 
7f448f6f4000-7f448f6f8000 r-xp 00000000 08:01 10888966                   /usr/lib/jvm/java-6-openjdk-amd64/jre/lib/amd64/libdt_socket.so
7f448f6f8000-7f448f8f7000 ---p 00004000 08:01 10888966                   /usr/lib/jvm/java-6-openjdk-amd64/jre/lib/amd64/libdt_socket.so
7f448f8f7000-7f448f8f8000 r--p 00003000 08:01 10888966                   /usr/lib/jvm/java-6-openjdk-amd64/jre/lib/amd64/libdt_socket.so
7f448f8f8000-7f448f8f9000 rw-p 00004000 08:01 10888966                   /usr/lib/jvm/java-6-openjdk-amd64/jre/lib/amd64/libdt_socket.so
7f448f8f9000-7f448f8fc000 ---p 00000000 00:00 0 
7f448f8fc000-7f448f9fa000 rw-p 00000000 00:00 0 
7f448f9fa000-7f448f9fd000 ---p 00000000 00:00 0 
7f448f9fd000-7f448fafb000 rw-p 00000000 00:00 0 
7f448fafb000-7f448fafe000 ---p 00000000 00:00 0 
7f448fafe000-7f448fbfc000 rw-p 00000000 00:00 0 
7f448fbfc000-7f448fbfd000 ---p 00000000 00:00 0 
7f448fbfd000-7f4490000000 rw-p 00000000 00:00 0 
7f4490000000-7f4490021000 rw-p 00000000 00:00 0 
7f4490021000-7f4494000000 ---p 00000000 00:00 0 
7f4494001000-7f4494007000 r--s 00040000 08:01 786946                     /home/matias/Desarrollo/play/play-1.2.4/framework/lib/memcached-2.6.jar
7f4494007000-7f449400f000 r--s 0008a000 08:01 786931                     /home/matias/Desarrollo/play/play-1.2.4/framework/lib/javassist-3.9.0.GA.jar
7f449400f000-7f4494015000 r--s 00032000 08:01 786933                     /home/matias/Desarrollo/play/play-1.2.4/framework/lib/jaxen-1.1.jar
7f4494015000-7f4494018000 r--s 0000f000 08:01 786917                     /home/matias/Desarrollo/play/play-1.2.4/framework/lib/geronimo-servlet_2.5_spec-1.2.jar
7f4494018000-7f449401e000 r--s 00049000 08:01 786904                     /home/matias/Desarrollo/play/play-1.2.4/framework/lib/cglib-nodep-2.2.jar
7f449401e000-7f4494072000 r--s 00520000 08:01 786918                     /home/matias/Desarrollo/play/play-1.2.4/framework/lib/groovy-all-1.7.10.jar
7f4494072000-7f449407c000 r--s 0006f000 08:01 786915                     /home/matias/Desarrollo/play/play-1.2.4/framework/lib/ehcache-core-2.0.0.jar
7f449407c000-7f449407e000 r--s 0000d000 08:01 786909                     /home/matias/Desarrollo/play/play-1.2.4/framework/lib/commons-fileupload-1.2.2.jar
7f449407e000-7f4494080000 r--s 0000d000 08:01 786913                     /home/matias/Desarrollo/play/play-1.2.4/framework/lib/commons-logging-1.1.1.jar
7f4494080000-7f4494081000 r--s 00000000 08:01 786932                     /home/matias/Desarrollo/play/play-1.2.4/framework/lib/javax.inject-1.0.jar
7f4494081000-7f4494083000 r--s 0000d000 08:01 786906                     /home/matias/Desarrollo/play/play-1.2.4/framework/lib/commons-codec-1.4.jar
7f4494083000-7f4494087000 r--s 00027000 08:01 786919                     /home/matias/Desarrollo/play/play-1.2.4/framework/lib/gson-1.7.1.jar
7f4494087000-7f449408a000 r--s 00022000 08:01 786930                     /home/matias/Desarrollo/play/play-1.2.4/framework/lib/jamon-2.7.jar
7f449408a000-7f4494099000 r--s 0007c000 08:01 786938                     /home/matias/Desarrollo/play/play-1.2.4/framework/lib/joda-time-2.0.jar
7f4494099000-7f44940a2000 r--s 0005d000 08:01 786926                     /home/matias/Desarrollo/play/play-1.2.4/framework/lib/hibernate-entitymanager-3.6.0.Final.jar
7f44940a2000-7f44942d7000 rw-p 00000000 00:00 0 
7f44942d7000-7f4494467000 r--s 037bc000 08:01 10888995                   /usr/lib/jvm/java-6-openjdk-amd64/jre/lib/rt.jar
7f4494467000-7f449448f000 rw-p 00000000 00:00 0 
7f449448f000-7f4494490000 ---p 00000000 00:00 0 
7f4494490000-7f4494590000 rw-p 00000000 00:00 0 
7f4494590000-7f4494591000 ---p 00000000 00:00 0 
7f4494591000-7f4494691000 rw-p 00000000 00:00 0 
7f4494691000-7f4494692000 ---p 00000000 00:00 0 
7f4494692000-7f4494792000 rw-p 00000000 00:00 0 
7f4494792000-7f4494793000 ---p 00000000 00:00 0 
7f4494793000-7f44948a1000 rw-p 00000000 00:00 0 
7f44948a1000-7f44948a7000 ---p 00000000 00:00 0 
7f44948a7000-7f44949c8000 rw-p 00000000 00:00 0 
7f44949c8000-7f44949f7000 rw-p 00000000 00:00 0 
7f44949f7000-7f4494a1b000 rw-p 00000000 00:00 0 
7f4494a1b000-7f4494a29000 rw-p 00000000 00:00 0 
7f4494a29000-7f4494a2f000 ---p 00000000 00:00 0 
7f4494a2f000-7f4494b4f000 rw-p 00000000 00:00 0 
7f4494b4f000-7f4494bb0000 rw-p 00000000 00:00 0 
7f4494bb0000-7f4494bb5000 ---p 00000000 00:00 0 
7f4494bb5000-7f4494bea000 rw-p 00000000 00:00 0 
7f4494bea000-7f4494beb000 rw-p 00000000 00:00 0 
7f4494beb000-7f449537b000 rwxp 00000000 00:00 0 
7f449537b000-7f4497beb000 rw-p 00000000 00:00 0 
7f4497beb000-7f4497bf2000 r-xp 00000000 08:01 10888982                   /usr/lib/jvm/java-6-openjdk-amd64/jre/lib/amd64/libzip.so
7f4497bf2000-7f4497df1000 ---p 00007000 08:01 10888982                   /usr/lib/jvm/java-6-openjdk-amd64/jre/lib/amd64/libzip.so
7f4497df1000-7f4497df2000 r--p 00006000 08:01 10888982                   /usr/lib/jvm/java-6-openjdk-amd64/jre/lib/amd64/libzip.so
7f4497df2000-7f4497df3000 rw-p 00007000 08:01 10888982                   /usr/lib/jvm/java-6-openjdk-amd64/jre/lib/amd64/libzip.so
7f4497df3000-7f4497dff000 r-xp 00000000 08:01 8916599                    /lib/x86_64-linux-gnu/libnss_files-2.15.so
7f4497dff000-7f4497ffe000 ---p 0000c000 08:01 8916599                    /lib/x86_64-linux-gnu/libnss_files-2.15.so
7f4497ffe000-7f4497fff000 r--p 0000b000 08:01 8916599                    /lib/x86_64-linux-gnu/libnss_files-2.15.so
7f4497fff000-7f4498000000 rw-p 0000c000 08:01 8916599                    /lib/x86_64-linux-gnu/libnss_files-2.15.so
7f4498000000-7f4498628000 rw-p 00000000 00:00 0 
7f4498628000-7f449c000000 ---p 00000000 00:00 0 
7f449c004000-7f449c033000 rw-p 00000000 00:00 0 
7f449c033000-7f449c057000 rw-p 00000000 00:00 0 
7f449c057000-7f449c061000 r-xp 00000000 08:01 8916603                    /lib/x86_64-linux-gnu/libnss_nis-2.15.so
7f449c061000-7f449c261000 ---p 0000a000 08:01 8916603                    /lib/x86_64-linux-gnu/libnss_nis-2.15.so
7f449c261000-7f449c262000 r--p 0000a000 08:01 8916603                    /lib/x86_64-linux-gnu/libnss_nis-2.15.so
7f449c262000-7f449c263000 rw-p 0000b000 08:01 8916603                    /lib/x86_64-linux-gnu/libnss_nis-2.15.so
7f449c263000-7f449c27a000 r-xp 00000000 08:01 8916593                    /lib/x86_64-linux-gnu/libnsl-2.15.so
7f449c27a000-7f449c479000 ---p 00017000 08:01 8916593                    /lib/x86_64-linux-gnu/libnsl-2.15.so
7f449c479000-7f449c47a000 r--p 00016000 08:01 8916593                    /lib/x86_64-linux-gnu/libnsl-2.15.so
7f449c47a000-7f449c47b000 rw-p 00017000 08:01 8916593                    /lib/x86_64-linux-gnu/libnsl-2.15.so
7f449c47b000-7f449c47d000 rw-p 00000000 00:00 0 
7f449c47d000-7f449c485000 r-xp 00000000 08:01 8916595                    /lib/x86_64-linux-gnu/libnss_compat-2.15.so
7f449c485000-7f449c684000 ---p 00008000 08:01 8916595                    /lib/x86_64-linux-gnu/libnss_compat-2.15.so
7f449c684000-7f449c685000 r--p 00007000 08:01 8916595                    /lib/x86_64-linux-gnu/libnss_compat-2.15.so
7f449c685000-7f449c686000 rw-p 00008000 08:01 8916595                    /lib/x86_64-linux-gnu/libnss_compat-2.15.so
7f449c686000-7f449cd73000 r--p 00000000 08:01 10883796                   /usr/lib/locale/locale-archive
7f449cd73000-7f449cd76000 r-xp 00000000 08:01 10888974                   /usr/lib/jvm/java-6-openjdk-amd64/jre/lib/amd64/libnpt.so
7f449cd76000-7f449cf75000 ---p 00003000 08:01 10888974                   /usr/lib/jvm/java-6-openjdk-amd64/jre/lib/amd64/libnpt.so
7f449cf75000-7f449cf76000 r--p 00002000 08:01 10888974                   /usr/lib/jvm/java-6-openjdk-amd64/jre/lib/amd64/libnpt.so
7f449cf76000-7f449cf77000 rw-p 00003000 08:01 10888974                   /usr/lib/jvm/java-6-openjdk-amd64/jre/lib/amd64/libnpt.so
7f449cf77000-7f449cf80000 r-xp 00000000 08:01 10888965                   /usr/lib/jvm/java-6-openjdk-amd64/jre/lib/amd64/libinstrument.so
7f449cf80000-7f449d180000 ---p 00009000 08:01 10888965                   /usr/lib/jvm/java-6-openjdk-amd64/jre/lib/amd64/libinstrument.so
7f449d180000-7f449d181000 r--p 00009000 08:01 10888965                   /usr/lib/jvm/java-6-openjdk-amd64/jre/lib/amd64/libinstrument.so
7f449d181000-7f449d182000 rw-p 0000a000 08:01 10888965                   /usr/lib/jvm/java-6-openjdk-amd64/jre/lib/amd64/libinstrument.so
7f449d182000-7f449d1bc000 r-xp 00000000 08:01 10888968                   /usr/lib/jvm/java-6-openjdk-amd64/jre/lib/amd64/libjdwp.so
7f449d1bc000-7f449d3bb000 ---p 0003a000 08:01 10888968                   /usr/lib/jvm/java-6-openjdk-amd64/jre/lib/amd64/libjdwp.so
7f449d3bb000-7f449d3bc000 r--p 00039000 08:01 10888968                   /usr/lib/jvm/java-6-openjdk-amd64/jre/lib/amd64/libjdwp.so
7f449d3bc000-7f449d3bd000 rw-p 0003a000 08:01 10888968                   /usr/lib/jvm/java-6-openjdk-amd64/jre/lib/amd64/libjdwp.so
7f449d3bd000-7f449d3e9000 r-xp 00000000 08:01 10888962                   /usr/lib/jvm/java-6-openjdk-amd64/jre/lib/amd64/libjava.so
7f449d3e9000-7f449d5e8000 ---p 0002c000 08:01 10888962                   /usr/lib/jvm/java-6-openjdk-amd64/jre/lib/amd64/libjava.so
7f449d5e8000-7f449d5e9000 r--p 0002b000 08:01 10888962                   /usr/lib/jvm/java-6-openjdk-amd64/jre/lib/amd64/libjava.so
7f449d5e9000-7f449d5ec000 rw-p 0002c000 08:01 10888962                   /usr/lib/jvm/java-6-openjdk-amd64/jre/lib/amd64/libjava.so
7f449d5ec000-7f449d5fa000 r-xp 00000000 08:01 10888973                   /usr/lib/jvm/java-6-openjdk-amd64/jre/lib/amd64/libverify.so
7f449d5fa000-7f449d7f9000 ---p 0000e000 08:01 10888973                   /usr/lib/jvm/java-6-openjdk-amd64/jre/lib/amd64/libverify.so
7f449d7f9000-7f449d7fb000 r--p 0000d000 08:01 10888973                   /usr/lib/jvm/java-6-openjdk-amd64/jre/lib/amd64/libverify.so
7f449d7fb000-7f449d7fc000 rw-p 0000f000 08:01 10888973                   /usr/lib/jvm/java-6-openjdk-amd64/jre/lib/amd64/libverify.so
7f449d7fc000-7f449d803000 r-xp 00000000 08:01 8916634                    /lib/x86_64-linux-gnu/librt-2.15.so
7f449d803000-7f449da02000 ---p 00007000 08:01 8916634                    /lib/x86_64-linux-gnu/librt-2.15.so
7f449da02000-7f449da03000 r--p 00006000 08:01 8916634                    /lib/x86_64-linux-gnu/librt-2.15.so
7f449da03000-7f449da04000 rw-p 00007000 08:01 8916634                    /lib/x86_64-linux-gnu/librt-2.15.so
7f449da04000-7f449da19000 r-xp 00000000 08:01 8916569                    /lib/x86_64-linux-gnu/libgcc_s.so.1
7f449da19000-7f449dc18000 ---p 00015000 08:01 8916569                    /lib/x86_64-linux-gnu/libgcc_s.so.1
7f449dc18000-7f449dc19000 r--p 00014000 08:01 8916569                    /lib/x86_64-linux-gnu/libgcc_s.so.1
7f449dc19000-7f449dc1a000 rw-p 00015000 08:01 8916569                    /lib/x86_64-linux-gnu/libgcc_s.so.1
7f449dc1a000-7f449dd13000 r-xp 00000000 08:01 8916580                    /lib/x86_64-linux-gnu/libm-2.15.so
7f449dd13000-7f449df12000 ---p 000f9000 08:01 8916580                    /lib/x86_64-linux-gnu/libm-2.15.so
7f449df12000-7f449df13000 r--p 000f8000 08:01 8916580                    /lib/x86_64-linux-gnu/libm-2.15.so
7f449df13000-7f449df14000 rw-p 000f9000 08:01 8916580                    /lib/x86_64-linux-gnu/libm-2.15.so
7f449df14000-7f449dff6000 r-xp 00000000 08:01 10885818                   /usr/lib/x86_64-linux-gnu/libstdc++.so.6.0.16
7f449dff6000-7f449e1f5000 ---p 000e2000 08:01 10885818                   /usr/lib/x86_64-linux-gnu/libstdc++.so.6.0.16
7f449e1f5000-7f449e1fd000 r--p 000e1000 08:01 10885818                   /usr/lib/x86_64-linux-gnu/libstdc++.so.6.0.16
7f449e1fd000-7f449e1ff000 rw-p 000e9000 08:01 10885818                   /usr/lib/x86_64-linux-gnu/libstdc++.so.6.0.16
7f449e1ff000-7f449e214000 rw-p 00000000 00:00 0 
7f449e214000-7f449eb18000 r-xp 00000000 08:01 10888958                   /usr/lib/jvm/java-6-openjdk-amd64/jre/lib/amd64/server/libjvm.so
7f449eb18000-7f449ed18000 ---p 00904000 08:01 10888958                   /usr/lib/jvm/java-6-openjdk-amd64/jre/lib/amd64/server/libjvm.so
7f449ed18000-7f449ed98000 r--p 00904000 08:01 10888958                   /usr/lib/jvm/java-6-openjdk-amd64/jre/lib/amd64/server/libjvm.so
7f449ed98000-7f449edb3000 rw-p 00984000 08:01 10888958                   /usr/lib/jvm/java-6-openjdk-amd64/jre/lib/amd64/server/libjvm.so
7f449edb3000-7f449eddc000 rw-p 00000000 00:00 0 
7f449eddc000-7f449edf2000 r-xp 00000000 08:01 8916659                    /lib/x86_64-linux-gnu/libz.so.1.2.3.4
7f449edf2000-7f449eff1000 ---p 00016000 08:01 8916659                    /lib/x86_64-linux-gnu/libz.so.1.2.3.4
7f449eff1000-7f449eff2000 r--p 00015000 08:01 8916659                    /lib/x86_64-linux-gnu/libz.so.1.2.3.4
7f449eff2000-7f449eff3000 rw-p 00016000 08:01 8916659                    /lib/x86_64-linux-gnu/libz.so.1.2.3.4
7f449eff3000-7f449f1a6000 r-xp 00000000 08:01 8916548                    /lib/x86_64-linux-gnu/libc-2.15.so
7f449f1a6000-7f449f3a5000 ---p 001b3000 08:01 8916548                    /lib/x86_64-linux-gnu/libc-2.15.so
7f449f3a5000-7f449f3a9000 r--p 001b2000 08:01 8916548                    /lib/x86_64-linux-gnu/libc-2.15.so
7f449f3a9000-7f449f3ab000 rw-p 001b6000 08:01 8916548                    /lib/x86_64-linux-gnu/libc-2.15.so
7f449f3ab000-7f449f3b0000 rw-p 00000000 00:00 0 
7f449f3b0000-7f449f3b2000 r-xp 00000000 08:01 8916561                    /lib/x86_64-linux-gnu/libdl-2.15.so
7f449f3b2000-7f449f5b2000 ---p 00002000 08:01 8916561                    /lib/x86_64-linux-gnu/libdl-2.15.so
7f449f5b2000-7f449f5b3000 r--p 00002000 08:01 8916561                    /lib/x86_64-linux-gnu/libdl-2.15.so
7f449f5b3000-7f449f5b4000 rw-p 00003000 08:01 8916561                    /lib/x86_64-linux-gnu/libdl-2.15.so
7f449f5b4000-7f449f5b8000 r-xp 00000000 08:01 10888964                   /usr/lib/jvm/java-6-openjdk-amd64/jre/lib/amd64/jli/libjli.so
7f449f5b8000-7f449f7b7000 ---p 00004000 08:01 10888964                   /usr/lib/jvm/java-6-openjdk-amd64/jre/lib/amd64/jli/libjli.so
7f449f7b7000-7f449f7b8000 r--p 00003000 08:01 10888964                   /usr/lib/jvm/java-6-openjdk-amd64/jre/lib/amd64/jli/libjli.so
7f449f7b8000-7f449f7b9000 rw-p 00004000 08:01 10888964                   /usr/lib/jvm/java-6-openjdk-amd64/jre/lib/amd64/jli/libjli.so
7f449f7b9000-7f449f7d1000 r-xp 00000000 08:01 8916628                    /lib/x86_64-linux-gnu/libpthread-2.15.so
7f449f7d1000-7f449f9d0000 ---p 00018000 08:01 8916628                    /lib/x86_64-linux-gnu/libpthread-2.15.so
7f449f9d0000-7f449f9d1000 r--p 00017000 08:01 8916628                    /lib/x86_64-linux-gnu/libpthread-2.15.so
7f449f9d1000-7f449f9d2000 rw-p 00018000 08:01 8916628                    /lib/x86_64-linux-gnu/libpthread-2.15.so
7f449f9d2000-7f449f9d6000 rw-p 00000000 00:00 0 
7f449f9d6000-7f449f9f8000 r-xp 00000000 08:01 8916528                    /lib/x86_64-linux-gnu/ld-2.15.so
7f449f9f8000-7f449f9f9000 r--s 00007000 08:01 786908                     /home/matias/Desarrollo/play/play-1.2.4/framework/lib/commons-email-1.2.jar
7f449f9f9000-7f449f9fe000 r--s 00020000 08:01 786934                     /home/matias/Desarrollo/play/play-1.2.4/framework/lib/jj-imaging.jar
7f449f9fe000-7f449fa03000 r--s 00048000 08:01 786914                     /home/matias/Desarrollo/play/play-1.2.4/framework/lib/dom4j-1.6.1.jar
7f449fa03000-7f449fa04000 r--s 00001000 08:01 1049647                    /home/matias/Desarrollo/play/play-1.2.4/modules/testrunner/lib/play-testrunner.jar
7f449fa04000-7f449fa07000 r--s 00010000 08:01 19009032                   /home/matias/Desarrollo/index/lib/flexjson-2.0.jar
7f449fa07000-7f449fa08000 rw-p 00000000 00:00 0 
7f449fa08000-7f449fa0b000 r--s 0007d000 08:01 10888912                   /usr/lib/jvm/java-6-openjdk-common/jre/lib/jsse.jar
7f449fa0b000-7f449fa17000 r--s 000c2000 08:01 786961                     /home/matias/Desarrollo/play/play-1.2.4/framework/play-1.2.4.jar
7f449fa17000-7f449fa18000 r--s 00007000 08:01 11148865                   /usr/share/java/java-atk-wrapper.jar
7f449fa18000-7f449fa1a000 r--s 0000f000 08:01 10888895                   /usr/lib/jvm/java-6-openjdk-common/jre/lib/ext/pulse-java.jar
7f449fa1a000-7f449fa39000 rw-p 00000000 00:00 0 
7f449fa39000-7f449fada000 rw-p 00000000 00:00 0 
7f449fada000-7f449fadd000 ---p 00000000 00:00 0 
7f449fadd000-7f449fbe0000 rw-p 00000000 00:00 0 
7f449fbe0000-7f449fbe4000 r--s 00038000 08:01 10888898                   /usr/lib/jvm/java-6-openjdk-common/jre/lib/ext/sunpkcs11.jar
7f449fbe4000-7f449fbe6000 r--s 00001000 08:01 10888899                   /usr/lib/jvm/java-6-openjdk-common/jre/lib/ext/dnsns.jar
7f449fbe6000-7f449fbe9000 r--s 00077000 08:01 10888897                   /usr/lib/jvm/java-6-openjdk-common/jre/lib/ext/localedata.jar
7f449fbe9000-7f449fbec000 r--s 00031000 08:01 10888896                   /usr/lib/jvm/java-6-openjdk-common/jre/lib/ext/sunjce_provider.jar
7f449fbec000-7f449fbf4000 rw-s 00000000 08:01 8388706                    /tmp/hsperfdata_matias/13026
7f449fbf4000-7f449fbf5000 rw-p 00000000 00:00 0 
7f449fbf5000-7f449fbf6000 r--p 00000000 00:00 0 
7f449fbf6000-7f449fbf8000 rw-p 00000000 00:00 0 
7f449fbf8000-7f449fbf9000 r--p 00022000 08:01 8916528                    /lib/x86_64-linux-gnu/ld-2.15.so
7f449fbf9000-7f449fbfb000 rw-p 00023000 08:01 8916528                    /lib/x86_64-linux-gnu/ld-2.15.so
7fff39a60000-7fff39a82000 rw-p 00000000 00:00 0                          [stack]
7fff39a84000-7fff39a85000 r-xp 00000000 00:00 0                          [vdso]
ffffffffff600000-ffffffffff601000 r-xp 00000000 00:00 0                  [vsyscall]

VM Arguments:
jvm_args: -javaagent:/home/matias/Desarrollo/play/play-1.2.4/framework/play-1.2.4.jar -XX:-UseSplitVerifier -Dfile.encoding=utf-8 -Xdebug -Xrunjdwp:transport=dt_socket,address=8000,server=y,suspend=n -Dplay.debug=yes -Dapplication.path=/home/matias/Desarrollo/index -Dplay.id=test 
java_command: play.server.Server 
Launcher Type: SUN_STANDARD

Environment Variables:
PATH=/usr/lib/lightdm/lightdm:/usr/local/sbin:/usr/local/bin:/usr/sbin:/usr/bin:/sbin:/bin:/usr/games:/home/matias/jdk1.6.0_33/bin:/home/matias/Desarrollo/grails/grails-1.3.7/bin:/home/matias/Desarrollo/maven/apache-maven-2.2.1/bin:/home/matias/Desarrollo/play/play-1.2.4
LD_LIBRARY_PATH=/usr/lib/jvm/java-6-openjdk-amd64/jre/lib/amd64/server:/usr/lib/jvm/java-6-openjdk-amd64/jre/lib/amd64:/usr/lib/jvm/java-6-openjdk-amd64/jre/../lib/amd64
SHELL=/bin/bash
DISPLAY=:0.0

Signal Handlers:
SIGSEGV: [libjvm.so+0x784310], sa_mask[0]=0x7ffbfeff, sa_flags=0x10000004
SIGBUS: [libjvm.so+0x784310], sa_mask[0]=0x7ffbfeff, sa_flags=0x10000004
SIGFPE: [libjvm.so+0x648580], sa_mask[0]=0x7ffbfeff, sa_flags=0x10000004
SIGPIPE: [libjvm.so+0x648580], sa_mask[0]=0x7ffbfeff, sa_flags=0x10000004
SIGXFSZ: [libjvm.so+0x648580], sa_mask[0]=0x7ffbfeff, sa_flags=0x10000004
SIGILL: [libjvm.so+0x648580], sa_mask[0]=0x7ffbfeff, sa_flags=0x10000004
SIGUSR1: SIG_DFL, sa_mask[0]=0x00000000, sa_flags=0x00000000
SIGUSR2: [libjvm.so+0x648730], sa_mask[0]=0x00000004, sa_flags=0x10000004
SIGHUP: [libjvm.so+0x64b250], sa_mask[0]=0x7ffbfeff, sa_flags=0x10000004
SIGINT: [libjvm.so+0x64b250], sa_mask[0]=0x7ffbfeff, sa_flags=0x10000004
SIGTERM: [libjvm.so+0x64b250], sa_mask[0]=0x7ffbfeff, sa_flags=0x10000004
SIGQUIT: [libjvm.so+0x64b250], sa_mask[0]=0x7ffbfeff, sa_flags=0x10000004


---------------  S Y S T E M  ---------------

OS:Ubuntu 12.04 (precise)
uname:Linux 3.2.0-29-generic #46-Ubuntu SMP Fri Jul 27 17:03:23 UTC 2012 x86_64
libc:glibc 2.15 NPTL 2.15 
rlimit: STACK 8192k, CORE 0k, NPROC 28968, NOFILE 4096, AS infinity
load average:1,04 0,66 0,64

/proc/meminfo:
MemTotal:        3791576 kB
MemFree:          151640 kB
Buffers:            6656 kB
Cached:           223696 kB
SwapCached:        51236 kB
Active:          2596564 kB
Inactive:         741804 kB
Active(anon):    2491112 kB
Inactive(anon):   632784 kB
Active(file):     105452 kB
Inactive(file):   109020 kB
Unevictable:          16 kB
Mlocked:              16 kB
SwapTotal:       3930108 kB
SwapFree:        3489432 kB
Dirty:               392 kB
Writeback:             0 kB
AnonPages:       3087384 kB
Mapped:           108848 kB
Shmem:             15824 kB
Slab:             121800 kB
SReclaimable:      88376 kB
SUnreclaim:        33424 kB
KernelStack:        4680 kB
PageTables:        56100 kB
NFS_Unstable:          0 kB
Bounce:                0 kB
WritebackTmp:          0 kB
CommitLimit:     5825896 kB
Committed_AS:    7097400 kB
VmallocTotal:   34359738367 kB
VmallocUsed:      303448 kB
VmallocChunk:   34359432116 kB
HardwareCorrupted:     0 kB
AnonHugePages:         0 kB
HugePages_Total:       0
HugePages_Free:        0
HugePages_Rsvd:        0
HugePages_Surp:        0
Hugepagesize:       2048 kB
DirectMap4k:      110080 kB
DirectMap2M:     2772992 kB
DirectMap1G:     1048576 kB


CPU:total 4 (4 cores per cpu, 1 threads per core) family 16 model 4 stepping 2, cmov, cx8, fxsr, mmx, sse, sse2, sse3, popcnt, mmxext, 3dnowpref, lzcnt, sse4a

Memory: 4k page, physical 3791576k(151640k free), swap 3930108k(3489432k free)

vm_info: OpenJDK 64-Bit Server VM (20.0-b12) for linux-amd64 JRE (1.6.0_24-b24), built on Jun 27 2012 02:37:21 by "buildd" with gcc 4.6.3

time: Sat Aug 25 09:40:42 2012
elapsed time: 1568 seconds

